{"logTime": "0320/140725", "correlationVector":"GAG9OfB6c4V8ODHCAgwfZi.74","action":"GetUpdates", "result":"DeleteReceived", "context":{"id":"008c27d1-ff02-45fe-b989-1014880192f0", "isDeleted:":"true", "version":"1673105124654"}}
{"logTime": "0320/140725", "correlationVector":"GAG9OfB6c4V8ODHCAgwfZi.75","action":"GetUpdates", "result":"DeleteReceived", "context":{"id":"ac3ec516-65c4-4104-96c0-5f2acce715e6", "isDeleted:":"true", "version":"1673105187522"}}
{"logTime": "0320/140725", "correlationVector":"GAG9OfB6c4V8ODHCAgwfZi.76","action":"GetUpdates", "result":"DeleteReceived", "context":{"id":"79f501f1-2515-4d4c-a6b1-d98201cec05f", "isDeleted:":"true", "version":"1673105285462"}}
{"logTime": "0320/140725", "correlationVector":"GAG9OfB6c4V8ODHCAgwfZi.77","action":"GetUpdates", "result":"DeleteReceived", "context":{"id":"dadb2765-8995-4f82-8eb1-b1c800eab4f7", "isDeleted:":"true", "version":"1673272953705"}}
{"logTime": "0320/140725", "correlationVector":"GAG9OfB6c4V8ODHCAgwfZi.78","action":"GetUpdates", "result":"DeleteReceived", "context":{"id":"1f9fa4cd-7d33-4f7c-8238-f3b1f9f60af0", "isDeleted:":"true", "version":"1673276758535"}}
{"logTime": "0320/140725", "correlationVector":"GAG9OfB6c4V8ODHCAgwfZi.79","action":"GetUpdates", "result":"DeleteReceived", "context":{"id":"c519d7c3-977e-445d-a438-b5e781ea8816", "isDeleted:":"true", "version":"1673360960015"}}
{"logTime": "0320/140725", "correlationVector":"GAG9OfB6c4V8ODHCAgwfZi.80","action":"GetUpdates", "result":"DeleteReceived", "context":{"id":"3a2dc418-af81-4b70-9994-f78ca90fe220", "isDeleted:":"true", "version":"1673361251682"}}
{"logTime": "0320/140725", "correlationVector":"GAG9OfB6c4V8ODHCAgwfZi.81","action":"GetUpdates", "result":"DeleteReceived", "context":{"id":"f68d8389-96a1-4dcf-a314-a9ffa56a49e0", "isDeleted:":"true", "version":"1673361282506"}}
{"logTime": "0320/140725", "correlationVector":"GAG9OfB6c4V8ODHCAgwfZi.82","action":"GetUpdates", "result":"DeleteReceived", "context":{"id":"b2ead03c-f6ef-458f-a5bb-55f7fdee57cc", "isDeleted:":"true", "version":"1673361725694"}}
{"logTime": "0320/140725", "correlationVector":"GAG9OfB6c4V8ODHCAgwfZi.83","action":"GetUpdates", "result":"DeleteReceived", "context":{"id":"d5b6ba98-a72a-4db8-a2e0-11933df1b2a6", "isDeleted:":"true", "version":"1673361725695"}}
{"logTime": "0320/140725", "correlationVector":"GAG9OfB6c4V8ODHCAgwfZi.84","action":"GetUpdates", "result":"DeleteReceived", "context":{"id":"acb47ca9-6a3b-476a-b850-92d0b3bde78f", "isDeleted:":"true", "version":"1673437210902"}}
{"logTime": "0320/140725", "correlationVector":"GAG9OfB6c4V8ODHCAgwfZi.85","action":"GetUpdates", "result":"DeleteReceived", "context":{"id":"713d64e4-535f-49eb-a952-3e42837d3edf", "isDeleted:":"true", "version":"1673437210904"}}
{"logTime": "0320/140725", "correlationVector":"GAG9OfB6c4V8ODHCAgwfZi.86","action":"GetUpdates", "result":"DeleteReceived", "context":{"id":"88d762b3-9ed7-4e80-ade1-7921bcaa7651", "isDeleted:":"true", "version":"1673440822725"}}
{"logTime": "0320/140725", "correlationVector":"GAG9OfB6c4V8ODHCAgwfZi.87","action":"GetUpdates", "result":"DeleteReceived", "context":{"id":"57458afb-d650-496a-99f5-712aae50f30c", "isDeleted:":"true", "version":"1673440822727"}}
{"logTime": "0320/140725", "correlationVector":"GAG9OfB6c4V8ODHCAgwfZi.88","action":"GetUpdates", "result":"DeleteReceived", "context":{"id":"ce9e8b63-0513-4a33-940a-d65bf2091763", "isDeleted:":"true", "version":"1673440822728"}}
{"logTime": "0320/140725", "correlationVector":"GAG9OfB6c4V8ODHCAgwfZi.89","action":"GetUpdates", "result":"DeleteReceived", "context":{"id":"9e871f0f-e86a-44b8-b6fd-40276b11b347", "isDeleted:":"true", "version":"1673440822729"}}
{"logTime": "0320/140725", "correlationVector":"GAG9OfB6c4V8ODHCAgwfZi.90","action":"GetUpdates", "result":"DeleteReceived", "context":{"id":"1adc745f-5a96-4eb1-a5b7-99e59ffabc70", "isDeleted:":"true", "version":"1673442175581"}}
{"logTime": "0320/140725", "correlationVector":"GAG9OfB6c4V8ODHCAgwfZi.91","action":"GetUpdates", "result":"DeleteReceived", "context":{"id":"f59fce30-d8ea-4c04-b067-7d70702d885d", "isDeleted:":"true", "version":"1673442175583"}}
{"logTime": "0320/140725", "correlationVector":"GAG9OfB6c4V8ODHCAgwfZi.92","action":"GetUpdates", "result":"DeleteReceived", "context":{"id":"f6b97649-9646-432d-a79c-bf931e31f7ca", "isDeleted:":"true", "version":"1673463967444"}}
{"logTime": "0320/140725", "correlationVector":"GAG9OfB6c4V8ODHCAgwfZi.93","action":"GetUpdates", "result":"DeleteReceived", "context":{"id":"2d970faa-d5b9-4d57-b68d-11b819b7729b", "isDeleted:":"true", "version":"1673466039364"}}
{"logTime": "0320/140725", "correlationVector":"GAG9OfB6c4V8ODHCAgwfZi.94","action":"GetUpdates", "result":"DeleteReceived", "context":{"id":"25b1c56b-dfee-44e8-88bf-7d7b5c5522d7", "isDeleted:":"true", "version":"1673466039366"}}
{"logTime": "0320/140725", "correlationVector":"GAG9OfB6c4V8ODHCAgwfZi.95","action":"GetUpdates", "result":"DeleteReceived", "context":{"id":"c2632f5d-66bd-4bbe-a5af-b60f79f65422", "isDeleted:":"true", "version":"1673466039367"}}
{"logTime": "0320/140725", "correlationVector":"GAG9OfB6c4V8ODHCAgwfZi.96","action":"GetUpdates", "result":"DeleteReceived", "context":{"id":"1e4b449b-b803-4316-92bd-aae6b84f4916", "isDeleted:":"true", "version":"1673544959773"}}
{"logTime": "0320/140725", "correlationVector":"GAG9OfB6c4V8ODHCAgwfZi.97","action":"GetUpdates", "result":"DeleteReceived", "context":{"id":"d2d2cc4f-4cd0-4cb6-83c4-4f752b8e8405", "isDeleted:":"true", "version":"1673544959775"}}
{"logTime": "0320/140725", "correlationVector":"GAG9OfB6c4V8ODHCAgwfZi.98","action":"GetUpdates", "result":"DeleteReceived", "context":{"id":"d0ed40a8-86ed-4166-8606-3e0b13c59c7b", "isDeleted:":"true", "version":"1673562109447"}}
{"logTime": "0320/140725", "correlationVector":"GAG9OfB6c4V8ODHCAgwfZi.99","action":"GetUpdates", "result":"DeleteReceived", "context":{"id":"4ea1161f-fe03-4446-b9d2-aaef69ccdf30", "isDeleted:":"true", "version":"1673597331652"}}
{"logTime": "0320/140725", "correlationVector":"GAG9OfB6c4V8ODHCAgwfZi.100","action":"GetUpdates", "result":"DeleteReceived", "context":{"id":"8bebaa10-a30f-466c-a631-eb4bae55276a", "isDeleted:":"true", "version":"1673700232704"}}
{"logTime": "0320/140725", "correlationVector":"GAG9OfB6c4V8ODHCAgwfZi.101","action":"GetUpdates", "result":"DeleteReceived", "context":{"id":"0528ed85-08bd-48bb-a6c5-3edc4b34271e", "isDeleted:":"true", "version":"1673818919426"}}
{"logTime": "0320/140725", "correlationVector":"GAG9OfB6c4V8ODHCAgwfZi.102","action":"GetUpdates", "result":"DeleteReceived", "context":{"id":"62330511-7b84-48c0-87c9-50505e066336", "isDeleted:":"true", "version":"1673871579745"}}
{"logTime": "0320/140725", "correlationVector":"GAG9OfB6c4V8ODHCAgwfZi.103","action":"GetUpdates", "result":"DeleteReceived", "context":{"id":"5c6559f2-2afa-4bdb-a0ad-532a928ea492", "isDeleted:":"true", "version":"1673888710612"}}
{"logTime": "0320/140725", "correlationVector":"GAG9OfB6c4V8ODHCAgwfZi.104","action":"GetUpdates", "result":"DeleteReceived", "context":{"id":"3418a422-0efd-4657-97d8-2cc36d5161af", "isDeleted:":"true", "version":"1673967280960"}}
{"logTime": "0320/140725", "correlationVector":"GAG9OfB6c4V8ODHCAgwfZi.105","action":"GetUpdates", "result":"DeleteReceived", "context":{"id":"7b26fe25-5e8f-4ff4-8416-16819eccfc25", "isDeleted:":"true", "version":"1674038329257"}}
{"logTime": "0320/140725", "correlationVector":"GAG9OfB6c4V8ODHCAgwfZi.106","action":"GetUpdates", "result":"DeleteReceived", "context":{"id":"306423da-2c09-4462-8133-adac110426db", "isDeleted:":"true", "version":"1674054395291"}}
{"logTime": "0320/140725", "correlationVector":"GAG9OfB6c4V8ODHCAgwfZi.107","action":"GetUpdates", "result":"DeleteReceived", "context":{"id":"a85ae47e-cc6b-47b0-a63d-93b1eaa7c8c5", "isDeleted:":"true", "version":"1674133991606"}}
{"logTime": "0320/140725", "correlationVector":"GAG9OfB6c4V8ODHCAgwfZi.108","action":"GetUpdates", "result":"DeleteReceived", "context":{"id":"9a8d15b1-6eff-45fd-b392-d49bd713636f", "isDeleted:":"true", "version":"1674150506459"}}
{"logTime": "0320/140725", "correlationVector":"GAG9OfB6c4V8ODHCAgwfZi.109","action":"GetUpdates", "result":"DeleteReceived", "context":{"id":"d34df7e9-2e1f-4496-97a2-44573a0a112d", "isDeleted:":"true", "version":"1674151088311"}}
{"logTime": "0320/140725", "correlationVector":"GAG9OfB6c4V8ODHCAgwfZi.110","action":"GetUpdates", "result":"DeleteReceived", "context":{"id":"bd9a2498-c770-424c-9def-2f436d956703", "isDeleted:":"true", "version":"1674151088313"}}
{"logTime": "0320/140725", "correlationVector":"GAG9OfB6c4V8ODHCAgwfZi.111","action":"GetUpdates", "result":"DeleteReceived", "context":{"id":"8d546484-84ef-4738-9d0c-ed03420cef1f", "isDeleted:":"true", "version":"1674151088314"}}
{"logTime": "0320/140725", "correlationVector":"GAG9OfB6c4V8ODHCAgwfZi.112","action":"GetUpdates", "result":"DeleteReceived", "context":{"id":"943490a5-f38a-49ea-bf9f-01bd8188329d", "isDeleted:":"true", "version":"1674164321673"}}
{"logTime": "0320/140725", "correlationVector":"GAG9OfB6c4V8ODHCAgwfZi.113","action":"GetUpdates", "result":"DeleteReceived", "context":{"id":"d8e080af-10b6-48b6-acd1-a4183883f02e", "isDeleted:":"true", "version":"1674164321674"}}
{"logTime": "0320/140725", "correlationVector":"GAG9OfB6c4V8ODHCAgwfZi.114","action":"GetUpdates", "result":"DeleteReceived", "context":{"id":"5ba0b2fd-a9df-4cb8-8006-42f3f58fda5f", "isDeleted:":"true", "version":"1674168455653"}}
{"logTime": "0320/140725", "correlationVector":"GAG9OfB6c4V8ODHCAgwfZi.115","action":"GetUpdates", "result":"DeleteReceived", "context":{"id":"c2515b13-8f41-42f3-a695-dc191608177e", "isDeleted:":"true", "version":"1674172881992"}}
{"logTime": "0320/140725", "correlationVector":"GAG9OfB6c4V8ODHCAgwfZi.116","action":"GetUpdates", "result":"DeleteReceived", "context":{"id":"a368cb8e-12b9-4625-983c-ed2031d31089", "isDeleted:":"true", "version":"1674172881993"}}
{"logTime": "0320/140725", "correlationVector":"GAG9OfB6c4V8ODHCAgwfZi.117","action":"GetUpdates", "result":"DeleteReceived", "context":{"id":"2d2bf494-073b-4190-946a-4f574e7ac660", "isDeleted:":"true", "version":"1674172881994"}}
{"logTime": "0320/140725", "correlationVector":"GAG9OfB6c4V8ODHCAgwfZi.118","action":"GetUpdates", "result":"DeleteReceived", "context":{"id":"7db07ca0-fe83-4fae-ba77-3df8f887861b", "isDeleted:":"true", "version":"1674174313223"}}
{"logTime": "0320/140725", "correlationVector":"GAG9OfB6c4V8ODHCAgwfZi.119","action":"GetUpdates", "result":"DeleteReceived", "context":{"id":"da47319d-03cf-4bba-8aa4-326c53fa6219", "isDeleted:":"true", "version":"1674182819703"}}
{"logTime": "0320/140725", "correlationVector":"GAG9OfB6c4V8ODHCAgwfZi.120","action":"GetUpdates", "result":"DeleteReceived", "context":{"id":"3f5e2851-f2ba-42ce-9b1c-d3cf3f2e26cd", "isDeleted:":"true", "version":"1674386768182"}}
{"logTime": "0320/140725", "correlationVector":"GAG9OfB6c4V8ODHCAgwfZi.121","action":"GetUpdates", "result":"DeleteReceived", "context":{"id":"81676408-8fe2-4f75-a7df-c96377137564", "isDeleted:":"true", "version":"1674479887917"}}
{"logTime": "0320/140725", "correlationVector":"GAG9OfB6c4V8ODHCAgwfZi.122","action":"GetUpdates", "result":"DeleteReceived", "context":{"id":"b8899f93-2b24-4632-9989-3f2debe186bc", "isDeleted:":"true", "version":"1674482444372"}}
{"logTime": "0320/140725", "correlationVector":"GAG9OfB6c4V8ODHCAgwfZi.123","action":"GetUpdates", "result":"DeleteReceived", "context":{"id":"b432c89c-d4fa-4f02-a596-2dd5db5434b6", "isDeleted:":"true", "version":"1674597633396"}}
{"logTime": "0320/140725", "correlationVector":"GAG9OfB6c4V8ODHCAgwfZi.124","action":"GetUpdates", "result":"DeleteReceived", "context":{"id":"1bbe64d9-1a7e-4d39-b91b-af0a73ad4f2a", "isDeleted:":"true", "version":"1674601644261"}}
{"logTime": "0320/140725", "correlationVector":"GAG9OfB6c4V8ODHCAgwfZi.125","action":"GetUpdates", "result":"DeleteReceived", "context":{"id":"b7404366-573f-4fd3-bccc-61232871fcc6", "isDeleted:":"true", "version":"1674679744899"}}
{"logTime": "0320/140725", "correlationVector":"GAG9OfB6c4V8ODHCAgwfZi.126","action":"GetUpdates", "result":"DeleteReceived", "context":{"id":"1bbb71ed-124d-4b8b-b5d9-4a00eab813a6", "isDeleted:":"true", "version":"1674745637031"}}
{"logTime": "0320/140725", "correlationVector":"GAG9OfB6c4V8ODHCAgwfZi.127","action":"GetUpdates", "result":"DeleteReceived", "context":{"id":"6f71f81c-cc4a-4dfe-ba81-8f2b05af55de", "isDeleted:":"true", "version":"1674829309040"}}
{"logTime": "0320/140725", "correlationVector":"GAG9OfB6c4V8ODHCAgwfZi.128","action":"GetUpdates", "result":"DeleteReceived", "context":{"id":"873bb2ad-2dc9-459f-9d5e-e81512611c33", "isDeleted:":"true", "version":"1674830295315"}}
{"logTime": "0320/140725", "correlationVector":"GAG9OfB6c4V8ODHCAgwfZi.129","action":"GetUpdates", "result":"DeleteReceived", "context":{"id":"b1dbe31b-fab0-4364-a0cd-4d5e1889aa35", "isDeleted:":"true", "version":"1674835513580"}}
{"logTime": "0320/140725", "correlationVector":"GAG9OfB6c4V8ODHCAgwfZi.130","action":"GetUpdates", "result":"DeleteReceived", "context":{"id":"48ad4b40-e7a9-4364-a28f-cd830882ea6f", "isDeleted:":"true", "version":"1674861126042"}}
{"logTime": "0320/140725", "correlationVector":"GAG9OfB6c4V8ODHCAgwfZi.131","action":"GetUpdates", "result":"DeleteReceived", "context":{"id":"98058e09-032f-4704-adc5-794dc2acada0", "isDeleted:":"true", "version":"1674906327972"}}
{"logTime": "0320/140725", "correlationVector":"GAG9OfB6c4V8ODHCAgwfZi.132","action":"GetUpdates", "result":"DeleteReceived", "context":{"id":"46ce4535-c1a1-4e96-b9da-1753c5aeb68d", "isDeleted:":"true", "version":"1674906327974"}}
{"logTime": "0320/140725", "correlationVector":"GAG9OfB6c4V8ODHCAgwfZi.133","action":"GetUpdates", "result":"DeleteReceived", "context":{"id":"11fbe33c-08ca-4be7-875b-8019871fee15", "isDeleted:":"true", "version":"1674922778311"}}
{"logTime": "0320/140725", "correlationVector":"GAG9OfB6c4V8ODHCAgwfZi.134","action":"GetUpdates", "result":"DeleteReceived", "context":{"id":"94d79456-b7aa-4b0a-b883-7d20e79b35f7", "isDeleted:":"true", "version":"1674944068080"}}
{"logTime": "0320/140725", "correlationVector":"GAG9OfB6c4V8ODHCAgwfZi.135","action":"GetUpdates", "result":"DeleteReceived", "context":{"id":"ffff5ec6-35c6-43ed-af12-e0b32c70b8f0", "isDeleted:":"true", "version":"1674944072665"}}
{"logTime": "0320/140725", "correlationVector":"GAG9OfB6c4V8ODHCAgwfZi.136","action":"GetUpdates", "result":"DeleteReceived", "context":{"id":"3f7c84e8-63eb-490d-8737-6a3ea5e5d534", "isDeleted:":"true", "version":"1674944103017"}}
{"logTime": "0320/140725", "correlationVector":"GAG9OfB6c4V8ODHCAgwfZi.137","action":"GetUpdates", "result":"DeleteReceived", "context":{"id":"12e635e9-79da-4b66-a539-36bf10c9c328", "isDeleted:":"true", "version":"1674946359069"}}
{"logTime": "0320/140725", "correlationVector":"GAG9OfB6c4V8ODHCAgwfZi.138","action":"GetUpdates", "result":"DeleteReceived", "context":{"id":"c9d9bea0-e09f-4bca-bf67-4a350647dff2", "isDeleted:":"true", "version":"1674994323292"}}
{"logTime": "0320/140725", "correlationVector":"GAG9OfB6c4V8ODHCAgwfZi.139","action":"GetUpdates", "result":"DeleteReceived", "context":{"id":"39e4bcb5-f4b4-47b8-834a-d99ad5a52b04", "isDeleted:":"true", "version":"1675029762923"}}
{"logTime": "0320/140725", "correlationVector":"GAG9OfB6c4V8ODHCAgwfZi.140","action":"GetUpdates", "result":"DeleteReceived", "context":{"id":"3ec12f05-25df-410b-a2a2-bc2248ca9cdb", "isDeleted:":"true", "version":"1675032942366"}}
{"logTime": "0320/140725", "correlationVector":"GAG9OfB6c4V8ODHCAgwfZi.141","action":"GetUpdates", "result":"DeleteReceived", "context":{"id":"6980bb27-9510-4586-9ef9-6354b093e21d", "isDeleted:":"true", "version":"1675033050338"}}
{"logTime": "0320/140725", "correlationVector":"GAG9OfB6c4V8ODHCAgwfZi.142","action":"GetUpdates", "result":"DeleteReceived", "context":{"id":"477d110f-d0c0-4da2-95e6-6146bd74017a", "isDeleted:":"true", "version":"1675067743638"}}
{"logTime": "0320/140725", "correlationVector":"GAG9OfB6c4V8ODHCAgwfZi.143","action":"GetUpdates", "result":"DeleteReceived", "context":{"id":"4f027b93-5513-4f37-bdcf-46058cf8c53a", "isDeleted:":"true", "version":"1675110537550"}}
{"logTime": "0320/140725", "correlationVector":"GAG9OfB6c4V8ODHCAgwfZi.144","action":"GetUpdates", "result":"DeleteReceived", "context":{"id":"15f2417e-b70a-4fd1-84d1-c84cd958ba6a", "isDeleted:":"true", "version":"1675110537552"}}
{"logTime": "0320/140725", "correlationVector":"GAG9OfB6c4V8ODHCAgwfZi.145","action":"GetUpdates", "result":"DeleteReceived", "context":{"id":"f34db60d-5625-4130-bf34-89519fb2800a", "isDeleted:":"true", "version":"1675110537553"}}
{"logTime": "0320/140725", "correlationVector":"GAG9OfB6c4V8ODHCAgwfZi.146","action":"GetUpdates", "result":"DeleteReceived", "context":{"id":"4be49554-6dbc-41ed-bd88-3dc2e340ca91", "isDeleted:":"true", "version":"1675181378194"}}
{"logTime": "0320/140725", "correlationVector":"GAG9OfB6c4V8ODHCAgwfZi.147","action":"GetUpdates", "result":"DeleteReceived", "context":{"id":"dd91610d-4242-44cf-9db9-7036dd016e08", "isDeleted:":"true", "version":"1675182876903"}}
{"logTime": "0320/140725", "correlationVector":"GAG9OfB6c4V8ODHCAgwfZi.148","action":"GetUpdates", "result":"DeleteReceived", "context":{"id":"b1dd07ed-632c-4c4c-a045-895eb3a8ce1f", "isDeleted:":"true", "version":"1675182876905"}}
{"logTime": "0320/140725", "correlationVector":"GAG9OfB6c4V8ODHCAgwfZi.149","action":"GetUpdates", "result":"DeleteReceived", "context":{"id":"3908d823-99b2-4aa3-8626-a47138a50f13", "isDeleted:":"true", "version":"1675198016840"}}
{"logTime": "0320/140725", "correlationVector":"GAG9OfB6c4V8ODHCAgwfZi.150","action":"GetUpdates", "result":"DeleteReceived", "context":{"id":"f6bd604d-e0af-47ff-95db-d62a24978425", "isDeleted:":"true", "version":"1675198272554"}}
{"logTime": "0320/140725", "correlationVector":"GAG9OfB6c4V8ODHCAgwfZi.151","action":"GetUpdates", "result":"DeleteReceived", "context":{"id":"d1f4f7ee-ce65-4218-b4a7-e68097376d50", "isDeleted:":"true", "version":"1675353254422"}}
{"logTime": "0320/140725", "correlationVector":"GAG9OfB6c4V8ODHCAgwfZi.152","action":"GetUpdates", "result":"DeleteReceived", "context":{"id":"f6ca9b52-8b84-4783-b64c-08c6c9e81a92", "isDeleted:":"true", "version":"1675353329374"}}
{"logTime": "0320/140725", "correlationVector":"GAG9OfB6c4V8ODHCAgwfZi.153","action":"GetUpdates", "result":"DeleteReceived", "context":{"id":"7427c819-1e5b-4ffa-a0c1-fa23ca36660b", "isDeleted:":"true", "version":"1675353329376"}}
{"logTime": "0320/140725", "correlationVector":"GAG9OfB6c4V8ODHCAgwfZi.154","action":"GetUpdates", "result":"DeleteReceived", "context":{"id":"b423d684-0647-4e53-be04-bddee4d9b93e", "isDeleted:":"true", "version":"1675543503022"}}
{"logTime": "0320/140725", "correlationVector":"GAG9OfB6c4V8ODHCAgwfZi.155","action":"GetUpdates", "result":"DeleteReceived", "context":{"id":"e4bdc7e3-edfd-4be9-933b-0dfad45492fa", "isDeleted:":"true", "version":"1675543533320"}}
{"logTime": "0320/140725", "correlationVector":"GAG9OfB6c4V8ODHCAgwfZi.156","action":"GetUpdates", "result":"DeleteReceived", "context":{"id":"a510b0be-b144-4a9a-bbc7-c8658dd1614a", "isDeleted:":"true", "version":"1675543758842"}}
{"logTime": "0320/140725", "correlationVector":"GAG9OfB6c4V8ODHCAgwfZi.157","action":"GetUpdates", "result":"DeleteReceived", "context":{"id":"9bddb88a-3c95-40d5-92c0-89fc769b55ae", "isDeleted:":"true", "version":"1675549891068"}}
{"logTime": "0320/140725", "correlationVector":"GAG9OfB6c4V8ODHCAgwfZi.158","action":"GetUpdates", "result":"DeleteReceived", "context":{"id":"f08fea91-e549-4482-a956-d0f9f39eed33", "isDeleted:":"true", "version":"1675549891069"}}
{"logTime": "0320/140725", "correlationVector":"GAG9OfB6c4V8ODHCAgwfZi.159","action":"GetUpdates", "result":"DeleteReceived", "context":{"id":"d362a9b8-10d7-4016-86cb-4b43a47378da", "isDeleted:":"true", "version":"1675549891071"}}
{"logTime": "0320/140725", "correlationVector":"GAG9OfB6c4V8ODHCAgwfZi.160","action":"GetUpdates", "result":"DeleteReceived", "context":{"id":"8b17d875-e6b0-43fa-b361-d9167f0ed090", "isDeleted:":"true", "version":"1675549891072"}}
{"logTime": "0320/140725", "correlationVector":"GAG9OfB6c4V8ODHCAgwfZi.161","action":"GetUpdates", "result":"DeleteReceived", "context":{"id":"03865c02-9509-411c-a00e-cf918e0d289d", "isDeleted:":"true", "version":"1675549891073"}}
{"logTime": "0320/140725", "correlationVector":"GAG9OfB6c4V8ODHCAgwfZi.162","action":"GetUpdates", "result":"DeleteReceived", "context":{"id":"05430d80-9e56-4fda-aa85-d626d7bae559", "isDeleted:":"true", "version":"1675550195604"}}
{"logTime": "0320/140725", "correlationVector":"GAG9OfB6c4V8ODHCAgwfZi.163","action":"GetUpdates", "result":"DeleteReceived", "context":{"id":"02149e6b-de91-4471-8263-cbc2b0993981", "isDeleted:":"true", "version":"1675550195605"}}
{"logTime": "0320/140725", "correlationVector":"GAG9OfB6c4V8ODHCAgwfZi.164","action":"GetUpdates", "result":"DeleteReceived", "context":{"id":"91c0a6da-da95-4ee2-8e97-03ef5b301b8a", "isDeleted:":"true", "version":"1675550195607"}}
{"logTime": "0320/140725", "correlationVector":"GAG9OfB6c4V8ODHCAgwfZi.165","action":"GetUpdates", "result":"DeleteReceived", "context":{"id":"7eb34432-f2a4-454b-918f-cf2300b60efa", "isDeleted:":"true", "version":"1675550195608"}}
{"logTime": "0320/140725", "correlationVector":"GAG9OfB6c4V8ODHCAgwfZi.166","action":"GetUpdates", "result":"DeleteReceived", "context":{"id":"798323c9-dba6-4185-8126-313e1e1f5316", "isDeleted:":"true", "version":"1675550195609"}}
{"logTime": "0320/140725", "correlationVector":"GAG9OfB6c4V8ODHCAgwfZi.167","action":"GetUpdates", "result":"DeleteReceived", "context":{"id":"33fb11ee-f043-4a23-933a-4e3f61702958", "isDeleted:":"true", "version":"1675554318313"}}
{"logTime": "0320/140725", "correlationVector":"GAG9OfB6c4V8ODHCAgwfZi.168","action":"GetUpdates", "result":"DeleteReceived", "context":{"id":"9664f7e7-faef-4dd8-b630-0a072260d298", "isDeleted:":"true", "version":"1675557721585"}}
{"logTime": "0320/140725", "correlationVector":"GAG9OfB6c4V8ODHCAgwfZi.169","action":"GetUpdates", "result":"DeleteReceived", "context":{"id":"60d2558b-c244-4284-8e71-0623f2d6438d", "isDeleted:":"true", "version":"1675620599334"}}
{"logTime": "0320/140725", "correlationVector":"GAG9OfB6c4V8ODHCAgwfZi.170","action":"GetUpdates", "result":"DeleteReceived", "context":{"id":"dbab1a9a-a3c4-47e5-9c37-68b18ba90723", "isDeleted:":"true", "version":"1675634868885"}}
{"logTime": "0320/140725", "correlationVector":"GAG9OfB6c4V8ODHCAgwfZi.171","action":"GetUpdates", "result":"DeleteReceived", "context":{"id":"05d313ea-e3a0-49a0-ae70-7efe77c58474", "isDeleted:":"true", "version":"1675634907883"}}
{"logTime": "0320/140725", "correlationVector":"GAG9OfB6c4V8ODHCAgwfZi.172","action":"GetUpdates", "result":"DeleteReceived", "context":{"id":"02cab49f-ba1c-47b1-8ff0-137a1085a28f", "isDeleted:":"true", "version":"1675637433063"}}
{"logTime": "0320/140725", "correlationVector":"GAG9OfB6c4V8ODHCAgwfZi.173","action":"GetUpdates", "result":"DeleteReceived", "context":{"id":"06ac0c7b-f94a-4aff-8b14-8eb99c6bbd25", "isDeleted:":"true", "version":"1675639752397"}}
{"logTime": "0320/140725", "correlationVector":"GAG9OfB6c4V8ODHCAgwfZi.174","action":"GetUpdates", "result":"DeleteReceived", "context":{"id":"ec71b7cd-c860-4c5d-97b8-4c7a2f1de673", "isDeleted:":"true", "version":"1675642149794"}}
{"logTime": "0320/140725", "correlationVector":"GAG9OfB6c4V8ODHCAgwfZi.175","action":"GetUpdates", "result":"DeleteReceived", "context":{"id":"7f73722d-fd2c-46eb-859e-f86ea87295ec", "isDeleted:":"true", "version":"1675675533074"}}
{"logTime": "0320/140725", "correlationVector":"GAG9OfB6c4V8ODHCAgwfZi.176","action":"GetUpdates", "result":"DeleteReceived", "context":{"id":"4ed9f033-a7a6-43e5-8f40-04636865106b", "isDeleted:":"true", "version":"1675675628541"}}
{"logTime": "0320/140725", "correlationVector":"GAG9OfB6c4V8ODHCAgwfZi.177","action":"GetUpdates", "result":"DeleteReceived", "context":{"id":"af0d03dd-ceb2-476e-bd6b-b90874a665bc", "isDeleted:":"true", "version":"1675675648947"}}
{"logTime": "0320/140725", "correlationVector":"GAG9OfB6c4V8ODHCAgwfZi.178","action":"GetUpdates", "result":"DeleteReceived", "context":{"id":"5b21f695-3881-44dd-b8ed-d7239f907cfd", "isDeleted:":"true", "version":"1675784454631"}}
{"logTime": "0320/140725", "correlationVector":"GAG9OfB6c4V8ODHCAgwfZi.179","action":"GetUpdates", "result":"DeleteReceived", "context":{"id":"7c822ee8-e5d2-402c-9309-63c7fbf3d2af", "isDeleted:":"true", "version":"1675878608140"}}
{"logTime": "0320/140725", "correlationVector":"GAG9OfB6c4V8ODHCAgwfZi.180","action":"GetUpdates", "result":"DeleteReceived", "context":{"id":"2a6da062-c4bc-4b3f-aeb5-121da4edfc59", "isDeleted:":"true", "version":"1675878764192"}}
{"logTime": "0320/140725", "correlationVector":"GAG9OfB6c4V8ODHCAgwfZi.181","action":"GetUpdates", "result":"DeleteReceived", "context":{"id":"633bb740-d7d6-442f-8261-7dd6d13e722d", "isDeleted:":"true", "version":"1675888405290"}}
{"logTime": "0320/140725", "correlationVector":"GAG9OfB6c4V8ODHCAgwfZi.182","action":"GetUpdates", "result":"DeleteReceived", "context":{"id":"23efd742-cb55-4ca9-9281-05322433eab1", "isDeleted:":"true", "version":"1675890132624"}}
{"logTime": "0320/140725", "correlationVector":"GAG9OfB6c4V8ODHCAgwfZi.183","action":"GetUpdates", "result":"DeleteReceived", "context":{"id":"1277db4d-be9b-4410-9384-da85ea872325", "isDeleted:":"true", "version":"1675890132626"}}
{"logTime": "0320/140725", "correlationVector":"GAG9OfB6c4V8ODHCAgwfZi.184","action":"GetUpdates", "result":"DeleteReceived", "context":{"id":"8a6301ca-b86f-487c-833c-31c2ae6fd5df", "isDeleted:":"true", "version":"1675890132627"}}
{"logTime": "0320/140725", "correlationVector":"GAG9OfB6c4V8ODHCAgwfZi.185","action":"GetUpdates", "result":"DeleteReceived", "context":{"id":"fffed29d-574f-45cf-9fa3-ad671fe4fd49", "isDeleted:":"true", "version":"1675890132628"}}
{"logTime": "0320/140725", "correlationVector":"GAG9OfB6c4V8ODHCAgwfZi.186","action":"GetUpdates Response", "result":"SERVER_MORE_TO_DOWNLOAD", "context":Received 249 update(s).  Some updates remain.}
{"logTime": "0320/140725", "correlationVector":"nSY70KDOFZ0OCxLNp9ldwj","action":"Initial GetUpdates", "result":"", "context":Reason: NEWLY_SUPPORTED_DATATYPE. cV=nSY70KDOFZ0OCxLNp9ldwj}
{"logTime": "0320/140725", "correlationVector":"nSY70KDOFZ0OCxLNp9ldwj.1","action":"SyncServerConnectionManagerRequest", "result":"SYNC_SERVER_OK", "context":{"environment":"Prod_WestEurope_000l", "migrationStage":"NotStarted", "server":"GENERAL01000013"}}
{"logTime": "0320/140725", "correlationVector":"nSY70KDOFZ0OCxLNp9ldwj.2","action":"GetUpdates", "result":"DeleteReceived", "context":{"id":"961e587e-8e9d-4997-bfed-66a0489f27b1", "isDeleted:":"true", "version":"1676737595800"}}
{"logTime": "0320/140725", "correlationVector":"nSY70KDOFZ0OCxLNp9ldwj.3","action":"GetUpdates", "result":"DeleteReceived", "context":{"id":"38ca3e71-b430-4011-9331-825d2cf8c261", "isDeleted:":"true", "version":"1678547994390"}}
{"logTime": "0320/140725", "correlationVector":"nSY70KDOFZ0OCxLNp9ldwj.4","action":"GetUpdates", "result":"DeleteReceived", "context":{"id":"912d38e8-d6e4-4dca-804e-b315b7ae7e7c", "isDeleted:":"true", "version":"1675891788739"}}
{"logTime": "0320/140725", "correlationVector":"nSY70KDOFZ0OCxLNp9ldwj.5","action":"GetUpdates", "result":"DeleteReceived", "context":{"id":"b6b7ea6e-a1b8-4d01-bbb4-838ca65e05c6", "isDeleted:":"true", "version":"1675891788741"}}
{"logTime": "0320/140725", "correlationVector":"nSY70KDOFZ0OCxLNp9ldwj.6","action":"GetUpdates", "result":"DeleteReceived", "context":{"id":"28ef0b8a-6a04-486d-9500-e6338ceef026", "isDeleted:":"true", "version":"1675891788742"}}
{"logTime": "0320/140725", "correlationVector":"nSY70KDOFZ0OCxLNp9ldwj.7","action":"GetUpdates", "result":"DeleteReceived", "context":{"id":"f26aa6d7-d80c-46a7-a597-a597611baf9d", "isDeleted:":"true", "version":"1675892477916"}}
{"logTime": "0320/140725", "correlationVector":"nSY70KDOFZ0OCxLNp9ldwj.8","action":"GetUpdates", "result":"DeleteReceived", "context":{"id":"65c6c6dc-4124-4d98-88d7-79150516dd56", "isDeleted:":"true", "version":"1675944726505"}}
{"logTime": "0320/140725", "correlationVector":"nSY70KDOFZ0OCxLNp9ldwj.9","action":"GetUpdates", "result":"DeleteReceived", "context":{"id":"c9d234d8-1d4c-49e4-acbf-23c4e4443b1c", "isDeleted:":"true", "version":"1675944726506"}}
{"logTime": "0320/140725", "correlationVector":"nSY70KDOFZ0OCxLNp9ldwj.10","action":"GetUpdates", "result":"DeleteReceived", "context":{"id":"7e44c768-890b-447f-9195-f061618b3ff2", "isDeleted:":"true", "version":"1675944726508"}}
{"logTime": "0320/140725", "correlationVector":"nSY70KDOFZ0OCxLNp9ldwj.11","action":"GetUpdates", "result":"DeleteReceived", "context":{"id":"3b851d50-1141-4683-8623-5f38456cde4e", "isDeleted:":"true", "version":"1675944726510"}}
{"logTime": "0320/140725", "correlationVector":"nSY70KDOFZ0OCxLNp9ldwj.12","action":"GetUpdates", "result":"DeleteReceived", "context":{"id":"73b616cf-8c71-414b-b165-cbcc48f4bfae", "isDeleted:":"true", "version":"1675946933232"}}
{"logTime": "0320/140725", "correlationVector":"nSY70KDOFZ0OCxLNp9ldwj.13","action":"GetUpdates", "result":"DeleteReceived", "context":{"id":"5be135b6-4165-4af9-a879-97581c74ae65", "isDeleted:":"true", "version":"1675946933233"}}
{"logTime": "0320/140725", "correlationVector":"nSY70KDOFZ0OCxLNp9ldwj.14","action":"GetUpdates", "result":"DeleteReceived", "context":{"id":"3911cc43-6713-4d5e-a928-aaf1d3bb80fa", "isDeleted:":"true", "version":"1675947582147"}}
{"logTime": "0320/140725", "correlationVector":"nSY70KDOFZ0OCxLNp9ldwj.15","action":"GetUpdates", "result":"DeleteReceived", "context":{"id":"f1c04f8f-7a5d-4016-9a76-74f6ecaaa4ee", "isDeleted:":"true", "version":"1675947582148"}}
{"logTime": "0320/140725", "correlationVector":"nSY70KDOFZ0OCxLNp9ldwj.16","action":"GetUpdates", "result":"DeleteReceived", "context":{"id":"3b78df0d-4d81-47a6-89f5-830d62abf4bd", "isDeleted:":"true", "version":"1675947688366"}}
{"logTime": "0320/140725", "correlationVector":"nSY70KDOFZ0OCxLNp9ldwj.17","action":"GetUpdates", "result":"DeleteReceived", "context":{"id":"db6711af-feda-4c8d-a4c2-c33a9e8972bd", "isDeleted:":"true", "version":"1675948245481"}}
{"logTime": "0320/140725", "correlationVector":"nSY70KDOFZ0OCxLNp9ldwj.18","action":"GetUpdates", "result":"DeleteReceived", "context":{"id":"a328267e-fe41-4bcf-8273-a76e5922a65b", "isDeleted:":"true", "version":"1675948245482"}}
{"logTime": "0320/140725", "correlationVector":"nSY70KDOFZ0OCxLNp9ldwj.19","action":"GetUpdates", "result":"DeleteReceived", "context":{"id":"64e223f4-1fa9-4839-a4e7-7ff1854a1ab4", "isDeleted:":"true", "version":"1675948245484"}}
{"logTime": "0320/140725", "correlationVector":"nSY70KDOFZ0OCxLNp9ldwj.20","action":"GetUpdates", "result":"DeleteReceived", "context":{"id":"9b9bd862-adbe-4013-bd37-172e32b32f12", "isDeleted:":"true", "version":"1675948245485"}}
{"logTime": "0320/140725", "correlationVector":"nSY70KDOFZ0OCxLNp9ldwj.21","action":"GetUpdates", "result":"DeleteReceived", "context":{"id":"ad60acd8-7d6c-4ca6-b3ac-06c8357e6f56", "isDeleted:":"true", "version":"1675948245486"}}
{"logTime": "0320/140725", "correlationVector":"nSY70KDOFZ0OCxLNp9ldwj.22","action":"GetUpdates", "result":"DeleteReceived", "context":{"id":"a45fa2a9-15a5-4c9c-a9c8-3fa7de2a1167", "isDeleted:":"true", "version":"1675948377759"}}
{"logTime": "0320/140725", "correlationVector":"nSY70KDOFZ0OCxLNp9ldwj.23","action":"GetUpdates", "result":"DeleteReceived", "context":{"id":"ac2f7337-6c5c-4f07-94a0-91bfbd2ea907", "isDeleted:":"true", "version":"1675948417302"}}
{"logTime": "0320/140725", "correlationVector":"nSY70KDOFZ0OCxLNp9ldwj.24","action":"GetUpdates", "result":"DeleteReceived", "context":{"id":"49c30d3d-5c68-478c-abae-f8db9ce3d6c2", "isDeleted:":"true", "version":"1675948636412"}}
{"logTime": "0320/140725", "correlationVector":"nSY70KDOFZ0OCxLNp9ldwj.25","action":"GetUpdates", "result":"DeleteReceived", "context":{"id":"9287645d-580c-43b8-8d0e-52b4849b408c", "isDeleted:":"true", "version":"1675948636413"}}
{"logTime": "0320/140725", "correlationVector":"nSY70KDOFZ0OCxLNp9ldwj.26","action":"GetUpdates", "result":"DeleteReceived", "context":{"id":"735981aa-a07d-450a-a23f-9ba9e98106a1", "isDeleted:":"true", "version":"1675948636414"}}
{"logTime": "0320/140725", "correlationVector":"nSY70KDOFZ0OCxLNp9ldwj.27","action":"GetUpdates", "result":"DeleteReceived", "context":{"id":"25266b34-f83e-4439-8a95-9c326f888177", "isDeleted:":"true", "version":"1675948704584"}}
{"logTime": "0320/140725", "correlationVector":"nSY70KDOFZ0OCxLNp9ldwj.28","action":"GetUpdates", "result":"DeleteReceived", "context":{"id":"cbc430f8-c264-4b87-b38c-d0403b2b1b2c", "isDeleted:":"true", "version":"1675950119744"}}
{"logTime": "0320/140725", "correlationVector":"nSY70KDOFZ0OCxLNp9ldwj.29","action":"GetUpdates", "result":"DeleteReceived", "context":{"id":"139b110b-fcc7-4ddb-9082-20f4103f4be3", "isDeleted:":"true", "version":"1675950119745"}}
{"logTime": "0320/140725", "correlationVector":"nSY70KDOFZ0OCxLNp9ldwj.30","action":"GetUpdates", "result":"DeleteReceived", "context":{"id":"31fb6c60-a560-4880-b070-478479d6db92", "isDeleted:":"true", "version":"1675951014749"}}
{"logTime": "0320/140725", "correlationVector":"nSY70KDOFZ0OCxLNp9ldwj.31","action":"GetUpdates", "result":"DeleteReceived", "context":{"id":"50a29c60-d8ba-435d-acae-eb0ad968a376", "isDeleted:":"true", "version":"1675955358391"}}
{"logTime": "0320/140725", "correlationVector":"nSY70KDOFZ0OCxLNp9ldwj.32","action":"GetUpdates", "result":"DeleteReceived", "context":{"id":"99fd9524-08e9-4841-aab0-68d3902d579f", "isDeleted:":"true", "version":"1675955358392"}}
{"logTime": "0320/140725", "correlationVector":"nSY70KDOFZ0OCxLNp9ldwj.33","action":"GetUpdates", "result":"DeleteReceived", "context":{"id":"3edce2a1-3c78-431c-be59-c0c00e4147c4", "isDeleted:":"true", "version":"1675961531682"}}
{"logTime": "0320/140725", "correlationVector":"nSY70KDOFZ0OCxLNp9ldwj.34","action":"GetUpdates", "result":"DeleteReceived", "context":{"id":"f98b8fe3-5e0b-4ddc-b182-6c82a4e6aadb", "isDeleted:":"true", "version":"1675961557050"}}
{"logTime": "0320/140725", "correlationVector":"nSY70KDOFZ0OCxLNp9ldwj.35","action":"GetUpdates", "result":"DeleteReceived", "context":{"id":"a11b6117-dfd0-4125-8d50-e93a011c858b", "isDeleted:":"true", "version":"1675965505333"}}
{"logTime": "0320/140725", "correlationVector":"nSY70KDOFZ0OCxLNp9ldwj.36","action":"GetUpdates", "result":"DeleteReceived", "context":{"id":"c8aaac2a-4359-4044-8636-e06a8c300a6c", "isDeleted:":"true", "version":"1675965555337"}}
{"logTime": "0320/140725", "correlationVector":"nSY70KDOFZ0OCxLNp9ldwj.37","action":"GetUpdates", "result":"DeleteReceived", "context":{"id":"186eed6a-b6e0-43ed-9b29-2c53608356ae", "isDeleted:":"true", "version":"1675970989248"}}
{"logTime": "0320/140725", "correlationVector":"nSY70KDOFZ0OCxLNp9ldwj.38","action":"GetUpdates", "result":"DeleteReceived", "context":{"id":"3f24f112-4450-4921-8098-a45d30705b75", "isDeleted:":"true", "version":"1675970989249"}}
{"logTime": "0320/140725", "correlationVector":"nSY70KDOFZ0OCxLNp9ldwj.39","action":"GetUpdates", "result":"DeleteReceived", "context":{"id":"4fc91c00-da4b-486b-be96-539b0125c6fa", "isDeleted:":"true", "version":"1676025228674"}}
{"logTime": "0320/140725", "correlationVector":"nSY70KDOFZ0OCxLNp9ldwj.40","action":"GetUpdates", "result":"DeleteReceived", "context":{"id":"5618243a-9642-4352-875a-c92e676c6fe5", "isDeleted:":"true", "version":"1676204178732"}}
{"logTime": "0320/140725", "correlationVector":"nSY70KDOFZ0OCxLNp9ldwj.41","action":"GetUpdates", "result":"DeleteReceived", "context":{"id":"86f087a3-f9bd-45d4-8839-87054b809e75", "isDeleted:":"true", "version":"1676204279891"}}
{"logTime": "0320/140725", "correlationVector":"nSY70KDOFZ0OCxLNp9ldwj.42","action":"GetUpdates", "result":"DeleteReceived", "context":{"id":"4f8f58fe-d663-4715-84b3-78c6cf2cb2bf", "isDeleted:":"true", "version":"1676204719139"}}
{"logTime": "0320/140725", "correlationVector":"nSY70KDOFZ0OCxLNp9ldwj.43","action":"GetUpdates", "result":"DeleteReceived", "context":{"id":"580968d1-0b36-491b-a7d6-febe5bf120f1", "isDeleted:":"true", "version":"1676204719141"}}
{"logTime": "0320/140725", "correlationVector":"nSY70KDOFZ0OCxLNp9ldwj.44","action":"GetUpdates", "result":"DeleteReceived", "context":{"id":"3655efc0-33c0-4503-aac0-10df8812ce5c", "isDeleted:":"true", "version":"1676206652792"}}
{"logTime": "0320/140725", "correlationVector":"nSY70KDOFZ0OCxLNp9ldwj.45","action":"GetUpdates", "result":"DeleteReceived", "context":{"id":"9905551d-7dcd-4885-ab33-6f7859b7e972", "isDeleted:":"true", "version":"1676206830552"}}
{"logTime": "0320/140725", "correlationVector":"nSY70KDOFZ0OCxLNp9ldwj.46","action":"GetUpdates", "result":"DeleteReceived", "context":{"id":"41329dc0-ae78-4358-9a7d-1032265f04c6", "isDeleted:":"true", "version":"1676206830555"}}
{"logTime": "0320/140725", "correlationVector":"nSY70KDOFZ0OCxLNp9ldwj.47","action":"GetUpdates", "result":"DeleteReceived", "context":{"id":"f331dbfb-f7ff-451c-a5d6-7c7c11a39351", "isDeleted:":"true", "version":"1676206830556"}}
{"logTime": "0320/140725", "correlationVector":"nSY70KDOFZ0OCxLNp9ldwj.48","action":"GetUpdates", "result":"DeleteReceived", "context":{"id":"ff8971d6-0e0c-4097-97e5-3bc1f97582dd", "isDeleted:":"true", "version":"1676206906422"}}
{"logTime": "0320/140725", "correlationVector":"nSY70KDOFZ0OCxLNp9ldwj.49","action":"GetUpdates", "result":"DeleteReceived", "context":{"id":"e94e1ccf-6142-421c-81d5-bd433c98cfba", "isDeleted:":"true", "version":"1676207423540"}}
{"logTime": "0320/140725", "correlationVector":"nSY70KDOFZ0OCxLNp9ldwj.50","action":"GetUpdates", "result":"DeleteReceived", "context":{"id":"70427c3a-847b-4bb0-94af-de67c3b9b28e", "isDeleted:":"true", "version":"1676207423544"}}
{"logTime": "0320/140725", "correlationVector":"nSY70KDOFZ0OCxLNp9ldwj.51","action":"GetUpdates", "result":"DeleteReceived", "context":{"id":"85afb53a-7c06-407c-9914-abd9721e3217", "isDeleted:":"true", "version":"1676211372945"}}
{"logTime": "0320/140725", "correlationVector":"nSY70KDOFZ0OCxLNp9ldwj.52","action":"GetUpdates", "result":"DeleteReceived", "context":{"id":"73e1931f-daaa-49f5-a1db-22948bb2bf77", "isDeleted:":"true", "version":"1676213650749"}}
{"logTime": "0320/140725", "correlationVector":"nSY70KDOFZ0OCxLNp9ldwj.53","action":"GetUpdates", "result":"DeleteReceived", "context":{"id":"c78d2e96-1bad-4edd-bcfc-47a37637efa0", "isDeleted:":"true", "version":"1676213650751"}}
{"logTime": "0320/140725", "correlationVector":"nSY70KDOFZ0OCxLNp9ldwj.54","action":"GetUpdates", "result":"DeleteReceived", "context":{"id":"cb566a2c-a720-4a4f-8f66-58c55685c2f8", "isDeleted:":"true", "version":"1676378130558"}}
{"logTime": "0320/140725", "correlationVector":"nSY70KDOFZ0OCxLNp9ldwj.55","action":"GetUpdates", "result":"DeleteReceived", "context":{"id":"0f577c27-c6c4-4f17-a7a0-d8fed1d1d55a", "isDeleted:":"true", "version":"1676493361978"}}
{"logTime": "0320/140725", "correlationVector":"nSY70KDOFZ0OCxLNp9ldwj.56","action":"GetUpdates", "result":"DeleteReceived", "context":{"id":"476adc4f-73d6-42e0-b876-e4e028b51f02", "isDeleted:":"true", "version":"1676502829856"}}
{"logTime": "0320/140725", "correlationVector":"nSY70KDOFZ0OCxLNp9ldwj.57","action":"GetUpdates", "result":"DeleteReceived", "context":{"id":"1a7ab62b-bd17-4662-9b49-8de4440eb51d", "isDeleted:":"true", "version":"1676649157240"}}
{"logTime": "0320/140725", "correlationVector":"nSY70KDOFZ0OCxLNp9ldwj.58","action":"GetUpdates", "result":"DeleteReceived", "context":{"id":"36de01d2-bf84-4d26-9833-a7b8da0264e2", "isDeleted:":"true", "version":"1676649938096"}}
{"logTime": "0320/140725", "correlationVector":"nSY70KDOFZ0OCxLNp9ldwj.59","action":"GetUpdates", "result":"DeleteReceived", "context":{"id":"a29d9338-6063-4446-9d5d-71a9e11822ae", "isDeleted:":"true", "version":"1676724686160"}}
{"logTime": "0320/140725", "correlationVector":"nSY70KDOFZ0OCxLNp9ldwj.60","action":"GetUpdates", "result":"DeleteReceived", "context":{"id":"63fcb11f-fedd-414c-8bbf-8c48d9eccf98", "isDeleted:":"true", "version":"1676737557905"}}
{"logTime": "0320/140725", "correlationVector":"nSY70KDOFZ0OCxLNp9ldwj.61","action":"GetUpdates", "result":"DeleteReceived", "context":{"id":"38b6b9cb-3d10-4b5c-875d-8c50b55b1cae", "isDeleted:":"true", "version":"1676807499097"}}
{"logTime": "0320/140725", "correlationVector":"nSY70KDOFZ0OCxLNp9ldwj.62","action":"GetUpdates", "result":"DeleteReceived", "context":{"id":"f173637c-4374-4759-853e-260b27934631", "isDeleted:":"true", "version":"1676807819002"}}
{"logTime": "0320/140725", "correlationVector":"nSY70KDOFZ0OCxLNp9ldwj.63","action":"GetUpdates", "result":"DeleteReceived", "context":{"id":"26fe6d7c-8cbc-425d-b42f-483eaf7a442c", "isDeleted:":"true", "version":"1676808338578"}}
{"logTime": "0320/140725", "correlationVector":"nSY70KDOFZ0OCxLNp9ldwj.64","action":"GetUpdates", "result":"DeleteReceived", "context":{"id":"edbab29c-946c-4d02-861f-cb7359dd96ef", "isDeleted:":"true", "version":"1676810825059"}}
{"logTime": "0320/140725", "correlationVector":"nSY70KDOFZ0OCxLNp9ldwj.65","action":"GetUpdates", "result":"DeleteReceived", "context":{"id":"1fa70d66-8544-4ed9-94f7-3ba12840978b", "isDeleted:":"true", "version":"1676813848974"}}
{"logTime": "0320/140725", "correlationVector":"nSY70KDOFZ0OCxLNp9ldwj.66","action":"GetUpdates", "result":"DeleteReceived", "context":{"id":"aac0ff02-7718-4346-a9df-51fd8dac2e97", "isDeleted:":"true", "version":"1676904544409"}}
{"logTime": "0320/140725", "correlationVector":"nSY70KDOFZ0OCxLNp9ldwj.67","action":"GetUpdates", "result":"DeleteReceived", "context":{"id":"94af48fe-bae9-4028-86a7-d236249bc1fc", "isDeleted:":"true", "version":"1676904744271"}}
{"logTime": "0320/140725", "correlationVector":"nSY70KDOFZ0OCxLNp9ldwj.68","action":"GetUpdates", "result":"DeleteReceived", "context":{"id":"baaeb9aa-546e-43fa-825c-f0e729a43024", "isDeleted:":"true", "version":"1677061495616"}}
{"logTime": "0320/140725", "correlationVector":"nSY70KDOFZ0OCxLNp9ldwj.69","action":"GetUpdates", "result":"DeleteReceived", "context":{"id":"ea539426-c8de-47be-b9f3-f5629f7b5506", "isDeleted:":"true", "version":"1677061495619"}}
{"logTime": "0320/140725", "correlationVector":"nSY70KDOFZ0OCxLNp9ldwj.70","action":"GetUpdates", "result":"DeleteReceived", "context":{"id":"fce0934e-b274-4b13-b0f5-8213e05e563a", "isDeleted:":"true", "version":"1677066026138"}}
{"logTime": "0320/140725", "correlationVector":"nSY70KDOFZ0OCxLNp9ldwj.71","action":"GetUpdates", "result":"DeleteReceived", "context":{"id":"09ea89df-c0a0-42b1-93cb-2d52cf1aa3b5", "isDeleted:":"true", "version":"1677066145026"}}
{"logTime": "0320/140725", "correlationVector":"nSY70KDOFZ0OCxLNp9ldwj.72","action":"GetUpdates", "result":"DeleteReceived", "context":{"id":"9344b24b-ee2d-48d9-aa71-c71f2ad42d45", "isDeleted:":"true", "version":"1677066276890"}}
{"logTime": "0320/140725", "correlationVector":"nSY70KDOFZ0OCxLNp9ldwj.73","action":"GetUpdates", "result":"DeleteReceived", "context":{"id":"cc979c20-1c66-4bd0-b967-8ff023d3505f", "isDeleted:":"true", "version":"1677100456366"}}
{"logTime": "0320/140725", "correlationVector":"nSY70KDOFZ0OCxLNp9ldwj.74","action":"GetUpdates", "result":"DeleteReceived", "context":{"id":"7d67c8da-8a33-433a-9888-07d3286c6045", "isDeleted:":"true", "version":"1677101399207"}}
{"logTime": "0320/140725", "correlationVector":"nSY70KDOFZ0OCxLNp9ldwj.75","action":"GetUpdates", "result":"DeleteReceived", "context":{"id":"2495975a-79b4-4215-9117-51304d4ee81b", "isDeleted:":"true", "version":"1677101399209"}}
{"logTime": "0320/140725", "correlationVector":"nSY70KDOFZ0OCxLNp9ldwj.76","action":"GetUpdates", "result":"DeleteReceived", "context":{"id":"191556a6-9dc1-47b6-8578-6553d12f9ae3", "isDeleted:":"true", "version":"1677190225026"}}
{"logTime": "0320/140725", "correlationVector":"nSY70KDOFZ0OCxLNp9ldwj.77","action":"GetUpdates", "result":"DeleteReceived", "context":{"id":"65c250f8-4f55-469b-bd03-b73855fb430b", "isDeleted:":"true", "version":"1677192439298"}}
{"logTime": "0320/140725", "correlationVector":"nSY70KDOFZ0OCxLNp9ldwj.78","action":"GetUpdates", "result":"DeleteReceived", "context":{"id":"4f5e4aca-5d85-4270-855e-a8a625a2e6da", "isDeleted:":"true", "version":"1677192439300"}}
{"logTime": "0320/140725", "correlationVector":"nSY70KDOFZ0OCxLNp9ldwj.79","action":"GetUpdates", "result":"DeleteReceived", "context":{"id":"1f1503c6-7e05-422b-9611-d244fc3deeca", "isDeleted:":"true", "version":"1677237444203"}}
{"logTime": "0320/140725", "correlationVector":"nSY70KDOFZ0OCxLNp9ldwj.80","action":"GetUpdates", "result":"DeleteReceived", "context":{"id":"3d85dc6a-d8d9-4e9a-9093-1799e2935b88", "isDeleted:":"true", "version":"1677239497967"}}
{"logTime": "0320/140725", "correlationVector":"nSY70KDOFZ0OCxLNp9ldwj.81","action":"GetUpdates", "result":"DeleteReceived", "context":{"id":"8c912e8c-9535-48a6-af3a-e7b25dec3c1d", "isDeleted:":"true", "version":"1677252971160"}}
{"logTime": "0320/140725", "correlationVector":"nSY70KDOFZ0OCxLNp9ldwj.82","action":"GetUpdates", "result":"DeleteReceived", "context":{"id":"1dd5f7b9-b1c3-49b8-ada0-8df7ab955cdd", "isDeleted:":"true", "version":"1677253011947"}}
{"logTime": "0320/140725", "correlationVector":"nSY70KDOFZ0OCxLNp9ldwj.83","action":"GetUpdates", "result":"DeleteReceived", "context":{"id":"6debc2c0-ca5c-4f0e-80c3-63b1c7b6acd0", "isDeleted:":"true", "version":"1677253103253"}}
{"logTime": "0320/140725", "correlationVector":"nSY70KDOFZ0OCxLNp9ldwj.84","action":"GetUpdates", "result":"DeleteReceived", "context":{"id":"408b7b8d-e87c-4eb1-b0b6-fd4b6411e40b", "isDeleted:":"true", "version":"1677253103255"}}
{"logTime": "0320/140725", "correlationVector":"nSY70KDOFZ0OCxLNp9ldwj.85","action":"GetUpdates", "result":"DeleteReceived", "context":{"id":"58baa4a6-d8fa-478a-aba2-d2c87da882d3", "isDeleted:":"true", "version":"1677255391635"}}
{"logTime": "0320/140725", "correlationVector":"nSY70KDOFZ0OCxLNp9ldwj.86","action":"GetUpdates", "result":"DeleteReceived", "context":{"id":"e45721e4-7776-44f5-bfae-1a8095568134", "isDeleted:":"true", "version":"1677257763931"}}
{"logTime": "0320/140725", "correlationVector":"nSY70KDOFZ0OCxLNp9ldwj.87","action":"GetUpdates", "result":"DeleteReceived", "context":{"id":"abd3c8ed-ac6e-4da2-8265-4c19d021143c", "isDeleted:":"true", "version":"1677258699523"}}
{"logTime": "0320/140725", "correlationVector":"nSY70KDOFZ0OCxLNp9ldwj.88","action":"GetUpdates", "result":"DeleteReceived", "context":{"id":"2f1e09de-c3d6-42cf-a1a3-f42df954a75d", "isDeleted:":"true", "version":"1677269513820"}}
{"logTime": "0320/140725", "correlationVector":"nSY70KDOFZ0OCxLNp9ldwj.89","action":"GetUpdates", "result":"DeleteReceived", "context":{"id":"ed5573c2-dd95-4d52-83d1-85c4bd5289c7", "isDeleted:":"true", "version":"1677269513822"}}
{"logTime": "0320/140725", "correlationVector":"nSY70KDOFZ0OCxLNp9ldwj.90","action":"GetUpdates", "result":"DeleteReceived", "context":{"id":"73895acf-9681-476e-b67d-e55248f28591", "isDeleted:":"true", "version":"1677314980184"}}
{"logTime": "0320/140725", "correlationVector":"nSY70KDOFZ0OCxLNp9ldwj.91","action":"GetUpdates", "result":"DeleteReceived", "context":{"id":"e1fb1f26-24ef-4132-98a2-0a3439c525f3", "isDeleted:":"true", "version":"1677328722700"}}
{"logTime": "0320/140725", "correlationVector":"nSY70KDOFZ0OCxLNp9ldwj.92","action":"GetUpdates", "result":"DeleteReceived", "context":{"id":"9fa7f382-c6d9-43e0-a339-a85d92573b7d", "isDeleted:":"true", "version":"1677332134563"}}
{"logTime": "0320/140725", "correlationVector":"nSY70KDOFZ0OCxLNp9ldwj.93","action":"GetUpdates", "result":"DeleteReceived", "context":{"id":"90ffe449-a45f-4c49-b448-507c838ccc2a", "isDeleted:":"true", "version":"1677335019945"}}
{"logTime": "0320/140725", "correlationVector":"nSY70KDOFZ0OCxLNp9ldwj.94","action":"GetUpdates", "result":"DeleteReceived", "context":{"id":"f383ea5e-7238-43d0-a0ed-b7e1d25d4294", "isDeleted:":"true", "version":"1677340559712"}}
{"logTime": "0320/140725", "correlationVector":"nSY70KDOFZ0OCxLNp9ldwj.95","action":"GetUpdates", "result":"DeleteReceived", "context":{"id":"2d70c9fc-f08d-414f-8041-2e9c9e34ada1", "isDeleted:":"true", "version":"1677340559714"}}
{"logTime": "0320/140725", "correlationVector":"nSY70KDOFZ0OCxLNp9ldwj.96","action":"GetUpdates", "result":"DeleteReceived", "context":{"id":"1e8b12b0-766b-47bc-aa30-53de393cfdab", "isDeleted:":"true", "version":"1677342813966"}}
{"logTime": "0320/140725", "correlationVector":"nSY70KDOFZ0OCxLNp9ldwj.97","action":"GetUpdates", "result":"DeleteReceived", "context":{"id":"3b236aee-0142-4170-bf9c-0aed9373e3e8", "isDeleted:":"true", "version":"1677344521358"}}
{"logTime": "0320/140725", "correlationVector":"nSY70KDOFZ0OCxLNp9ldwj.98","action":"GetUpdates", "result":"DeleteReceived", "context":{"id":"b37b1813-c4c7-4b54-b37a-7c5c9c9f28e6", "isDeleted:":"true", "version":"1677344823561"}}
{"logTime": "0320/140725", "correlationVector":"nSY70KDOFZ0OCxLNp9ldwj.99","action":"GetUpdates", "result":"DeleteReceived", "context":{"id":"e221f50b-9d78-46dc-8cbe-b1f0105ff2b6", "isDeleted:":"true", "version":"1677345359640"}}
{"logTime": "0320/140725", "correlationVector":"nSY70KDOFZ0OCxLNp9ldwj.100","action":"GetUpdates", "result":"DeleteReceived", "context":{"id":"c5d24792-4719-4ac7-bad6-794d309478b3", "isDeleted:":"true", "version":"1677359605724"}}
{"logTime": "0320/140725", "correlationVector":"nSY70KDOFZ0OCxLNp9ldwj.101","action":"GetUpdates", "result":"DeleteReceived", "context":{"id":"a82ad4b9-c783-4363-b50e-063824eb23b1", "isDeleted:":"true", "version":"1677359605726"}}
{"logTime": "0320/140725", "correlationVector":"nSY70KDOFZ0OCxLNp9ldwj.102","action":"GetUpdates", "result":"DeleteReceived", "context":{"id":"576b85e8-dd8d-4583-a6a4-e8c77eb4934f", "isDeleted:":"true", "version":"1677359605727"}}
{"logTime": "0320/140725", "correlationVector":"nSY70KDOFZ0OCxLNp9ldwj.103","action":"GetUpdates", "result":"DeleteReceived", "context":{"id":"1892bb75-3f3f-45b3-95e0-b12707d2a1cd", "isDeleted:":"true", "version":"1677359605728"}}
{"logTime": "0320/140725", "correlationVector":"nSY70KDOFZ0OCxLNp9ldwj.104","action":"GetUpdates", "result":"DeleteReceived", "context":{"id":"d89f21bd-61d6-462c-8b7e-f49440220f89", "isDeleted:":"true", "version":"1677418070423"}}
{"logTime": "0320/140725", "correlationVector":"nSY70KDOFZ0OCxLNp9ldwj.105","action":"GetUpdates", "result":"DeleteReceived", "context":{"id":"64fcb59f-9dff-4158-981c-a456c1c26f8a", "isDeleted:":"true", "version":"1677418307495"}}
{"logTime": "0320/140725", "correlationVector":"nSY70KDOFZ0OCxLNp9ldwj.106","action":"GetUpdates", "result":"DeleteReceived", "context":{"id":"526c78a5-b49a-4f57-a113-6f593458314b", "isDeleted:":"true", "version":"1677418352550"}}
{"logTime": "0320/140725", "correlationVector":"nSY70KDOFZ0OCxLNp9ldwj.107","action":"GetUpdates", "result":"DeleteReceived", "context":{"id":"372388f3-0ccb-4b85-be6e-fd406740de5b", "isDeleted:":"true", "version":"1677419369699"}}
{"logTime": "0320/140725", "correlationVector":"nSY70KDOFZ0OCxLNp9ldwj.108","action":"GetUpdates", "result":"DeleteReceived", "context":{"id":"0fe156ef-18eb-49f9-9c99-ebfbeb405eba", "isDeleted:":"true", "version":"1677424004101"}}
{"logTime": "0320/140725", "correlationVector":"nSY70KDOFZ0OCxLNp9ldwj.109","action":"GetUpdates", "result":"DeleteReceived", "context":{"id":"266d6775-9264-451e-9144-0b02b3fe260b", "isDeleted:":"true", "version":"1677424319830"}}
{"logTime": "0320/140725", "correlationVector":"nSY70KDOFZ0OCxLNp9ldwj.110","action":"GetUpdates", "result":"DeleteReceived", "context":{"id":"e78cec9c-8355-454b-9276-2592b0f61c30", "isDeleted:":"true", "version":"1677424319831"}}
{"logTime": "0320/140725", "correlationVector":"nSY70KDOFZ0OCxLNp9ldwj.111","action":"GetUpdates", "result":"DeleteReceived", "context":{"id":"c4365bce-b35f-46f8-839c-98b099c490fb", "isDeleted:":"true", "version":"1677431313371"}}
{"logTime": "0320/140725", "correlationVector":"nSY70KDOFZ0OCxLNp9ldwj.112","action":"GetUpdates", "result":"DeleteReceived", "context":{"id":"59dd52ef-63b5-40b2-9f45-17991f95d880", "isDeleted:":"true", "version":"1677431313372"}}
{"logTime": "0320/140725", "correlationVector":"nSY70KDOFZ0OCxLNp9ldwj.113","action":"GetUpdates", "result":"DeleteReceived", "context":{"id":"32bc636c-c439-4eba-bbb4-9bd52e0c6b26", "isDeleted:":"true", "version":"1677431771374"}}
{"logTime": "0320/140725", "correlationVector":"nSY70KDOFZ0OCxLNp9ldwj.114","action":"GetUpdates", "result":"DeleteReceived", "context":{"id":"6c8f46ac-a08a-4048-960a-1c0b6165a4b5", "isDeleted:":"true", "version":"1677431903581"}}
{"logTime": "0320/140725", "correlationVector":"nSY70KDOFZ0OCxLNp9ldwj.115","action":"GetUpdates", "result":"DeleteReceived", "context":{"id":"7556a29d-8d3b-4ec7-bd73-925351ddaef1", "isDeleted:":"true", "version":"1677431938283"}}
{"logTime": "0320/140725", "correlationVector":"nSY70KDOFZ0OCxLNp9ldwj.116","action":"GetUpdates", "result":"DeleteReceived", "context":{"id":"8a4dcdef-af88-482f-baa3-6df83b564ab4", "isDeleted:":"true", "version":"1677431968545"}}
{"logTime": "0320/140725", "correlationVector":"nSY70KDOFZ0OCxLNp9ldwj.117","action":"GetUpdates", "result":"DeleteReceived", "context":{"id":"7ee98084-04a8-4592-9181-ec57ecc4f279", "isDeleted:":"true", "version":"1677432481247"}}
{"logTime": "0320/140725", "correlationVector":"nSY70KDOFZ0OCxLNp9ldwj.118","action":"GetUpdates", "result":"DeleteReceived", "context":{"id":"3cc9365b-77f5-4ff5-b21a-23efc597e9c2", "isDeleted:":"true", "version":"1677432648035"}}
{"logTime": "0320/140725", "correlationVector":"nSY70KDOFZ0OCxLNp9ldwj.119","action":"GetUpdates", "result":"DeleteReceived", "context":{"id":"957baf95-48d2-430b-a941-25cd034cf4b2", "isDeleted:":"true", "version":"1677432979960"}}
{"logTime": "0320/140725", "correlationVector":"nSY70KDOFZ0OCxLNp9ldwj.120","action":"GetUpdates", "result":"DeleteReceived", "context":{"id":"ae195d01-3f4a-4b20-a538-7955d0d4b567", "isDeleted:":"true", "version":"1677432979962"}}
{"logTime": "0320/140725", "correlationVector":"nSY70KDOFZ0OCxLNp9ldwj.121","action":"GetUpdates", "result":"DeleteReceived", "context":{"id":"282568fd-0e49-414e-8086-ab89cb97f2bb", "isDeleted:":"true", "version":"1677531837183"}}
{"logTime": "0320/140725", "correlationVector":"nSY70KDOFZ0OCxLNp9ldwj.122","action":"GetUpdates", "result":"DeleteReceived", "context":{"id":"889825e4-09a9-41cf-b154-55c25ae45a6f", "isDeleted:":"true", "version":"1677533936937"}}
{"logTime": "0320/140725", "correlationVector":"nSY70KDOFZ0OCxLNp9ldwj.123","action":"GetUpdates", "result":"DeleteReceived", "context":{"id":"b9dda4ed-b0df-4ab1-90bc-bcb777e15e35", "isDeleted:":"true", "version":"1677534138170"}}
{"logTime": "0320/140725", "correlationVector":"nSY70KDOFZ0OCxLNp9ldwj.124","action":"GetUpdates", "result":"DeleteReceived", "context":{"id":"eb5425d2-d3c4-4647-b5b3-6fafde64e9d7", "isDeleted:":"true", "version":"1677535179682"}}
{"logTime": "0320/140725", "correlationVector":"nSY70KDOFZ0OCxLNp9ldwj.125","action":"GetUpdates", "result":"DeleteReceived", "context":{"id":"53225d88-48b1-45b4-8187-e086564398a1", "isDeleted:":"true", "version":"1677538419916"}}
{"logTime": "0320/140725", "correlationVector":"nSY70KDOFZ0OCxLNp9ldwj.126","action":"GetUpdates", "result":"DeleteReceived", "context":{"id":"082ca063-01ac-4839-89e6-0cb063c3aa18", "isDeleted:":"true", "version":"1677539821703"}}
{"logTime": "0320/140725", "correlationVector":"nSY70KDOFZ0OCxLNp9ldwj.127","action":"GetUpdates", "result":"DeleteReceived", "context":{"id":"b5fef40f-9fc4-414f-bc1e-043ee8335c6e", "isDeleted:":"true", "version":"1677578903372"}}
{"logTime": "0320/140725", "correlationVector":"nSY70KDOFZ0OCxLNp9ldwj.128","action":"GetUpdates", "result":"DeleteReceived", "context":{"id":"36d8c298-6e78-472a-981c-009b9f05a45c", "isDeleted:":"true", "version":"1677578903374"}}
{"logTime": "0320/140725", "correlationVector":"nSY70KDOFZ0OCxLNp9ldwj.129","action":"GetUpdates", "result":"DeleteReceived", "context":{"id":"99d96e4e-0df5-4593-a48b-d50a19a0378d", "isDeleted:":"true", "version":"1677578903376"}}
{"logTime": "0320/140725", "correlationVector":"nSY70KDOFZ0OCxLNp9ldwj.130","action":"GetUpdates", "result":"DeleteReceived", "context":{"id":"3c3be0a6-c16b-4544-90ca-1d6584120e8a", "isDeleted:":"true", "version":"1677579077078"}}
{"logTime": "0320/140725", "correlationVector":"nSY70KDOFZ0OCxLNp9ldwj.131","action":"GetUpdates", "result":"DeleteReceived", "context":{"id":"87d781b4-d2f8-4373-be3c-ce05fcfd04b2", "isDeleted:":"true", "version":"1677580588065"}}
{"logTime": "0320/140725", "correlationVector":"nSY70KDOFZ0OCxLNp9ldwj.132","action":"GetUpdates", "result":"DeleteReceived", "context":{"id":"1f525951-990e-4b2d-9baa-c9602705c7df", "isDeleted:":"true", "version":"1677587431352"}}
{"logTime": "0320/140725", "correlationVector":"nSY70KDOFZ0OCxLNp9ldwj.133","action":"GetUpdates", "result":"DeleteReceived", "context":{"id":"e7120df8-d4d6-4701-a8f2-651af6827db4", "isDeleted:":"true", "version":"1677587493142"}}
{"logTime": "0320/140725", "correlationVector":"nSY70KDOFZ0OCxLNp9ldwj.134","action":"GetUpdates", "result":"DeleteReceived", "context":{"id":"d138c649-321e-49be-8006-25d6318c6c38", "isDeleted:":"true", "version":"1677587664100"}}
{"logTime": "0320/140725", "correlationVector":"nSY70KDOFZ0OCxLNp9ldwj.135","action":"GetUpdates", "result":"DeleteReceived", "context":{"id":"cca7e11a-cae6-460e-8740-21f691ae4a43", "isDeleted:":"true", "version":"1677587915678"}}
{"logTime": "0320/140725", "correlationVector":"nSY70KDOFZ0OCxLNp9ldwj.136","action":"GetUpdates", "result":"DeleteReceived", "context":{"id":"588cd3ce-f755-48cc-8b30-3f0aae0c87ca", "isDeleted:":"true", "version":"1677597470225"}}
{"logTime": "0320/140725", "correlationVector":"nSY70KDOFZ0OCxLNp9ldwj.137","action":"GetUpdates", "result":"DeleteReceived", "context":{"id":"fcd1a668-d80e-4dae-89fc-c622c1663de6", "isDeleted:":"true", "version":"1677597470227"}}
{"logTime": "0320/140725", "correlationVector":"nSY70KDOFZ0OCxLNp9ldwj.138","action":"GetUpdates", "result":"DeleteReceived", "context":{"id":"edfaf205-75e5-4036-829f-71fb402660cb", "isDeleted:":"true", "version":"1677679136508"}}
{"logTime": "0320/140725", "correlationVector":"nSY70KDOFZ0OCxLNp9ldwj.139","action":"GetUpdates", "result":"DeleteReceived", "context":{"id":"f06b15c4-8de2-4d1f-932a-2329bf3e0a71", "isDeleted:":"true", "version":"1677679136510"}}
{"logTime": "0320/140725", "correlationVector":"nSY70KDOFZ0OCxLNp9ldwj.140","action":"GetUpdates", "result":"DeleteReceived", "context":{"id":"89597989-5f03-4a8a-8c13-650ab06e73b7", "isDeleted:":"true", "version":"1677679464010"}}
{"logTime": "0320/140725", "correlationVector":"nSY70KDOFZ0OCxLNp9ldwj.141","action":"GetUpdates", "result":"DeleteReceived", "context":{"id":"b0b3c49c-dbdc-4546-91bd-adf48bd58765", "isDeleted:":"true", "version":"1677679516445"}}
{"logTime": "0320/140725", "correlationVector":"nSY70KDOFZ0OCxLNp9ldwj.142","action":"GetUpdates", "result":"DeleteReceived", "context":{"id":"2911a1b3-1b8d-4c52-af28-eee66c891d1b", "isDeleted:":"true", "version":"1677679952751"}}
{"logTime": "0320/140725", "correlationVector":"nSY70KDOFZ0OCxLNp9ldwj.143","action":"GetUpdates", "result":"DeleteReceived", "context":{"id":"f7868b69-ff20-4400-bd4c-ce1984ac667f", "isDeleted:":"true", "version":"1677680390068"}}
{"logTime": "0320/140725", "correlationVector":"nSY70KDOFZ0OCxLNp9ldwj.144","action":"GetUpdates", "result":"DeleteReceived", "context":{"id":"93ec8543-177a-4961-be8e-34366b5f32f0", "isDeleted:":"true", "version":"1677680477834"}}
{"logTime": "0320/140725", "correlationVector":"nSY70KDOFZ0OCxLNp9ldwj.145","action":"GetUpdates", "result":"DeleteReceived", "context":{"id":"313d6125-1742-4b67-acba-d5b25a32ab97", "isDeleted:":"true", "version":"1677681520345"}}
{"logTime": "0320/140725", "correlationVector":"nSY70KDOFZ0OCxLNp9ldwj.146","action":"GetUpdates", "result":"DeleteReceived", "context":{"id":"f0c2d3da-71a9-4576-a05f-1a10a09b8d07", "isDeleted:":"true", "version":"1677681682459"}}
{"logTime": "0320/140725", "correlationVector":"nSY70KDOFZ0OCxLNp9ldwj.147","action":"GetUpdates", "result":"DeleteReceived", "context":{"id":"4d72f6e1-3635-4cf7-a538-d7c2840569da", "isDeleted:":"true", "version":"1677682019602"}}
{"logTime": "0320/140725", "correlationVector":"nSY70KDOFZ0OCxLNp9ldwj.148","action":"GetUpdates", "result":"DeleteReceived", "context":{"id":"9ba75dc8-d264-4a50-94ad-ec9cb371d84a", "isDeleted:":"true", "version":"1677754555583"}}
{"logTime": "0320/140725", "correlationVector":"nSY70KDOFZ0OCxLNp9ldwj.149","action":"GetUpdates", "result":"DeleteReceived", "context":{"id":"8964a9eb-4ef5-4ca8-989e-c5fa951fe4dc", "isDeleted:":"true", "version":"1677800568333"}}
{"logTime": "0320/140725", "correlationVector":"nSY70KDOFZ0OCxLNp9ldwj.150","action":"GetUpdates", "result":"DeleteReceived", "context":{"id":"674a5ace-dd2d-4fe2-84ef-0547fc7c345f", "isDeleted:":"true", "version":"1677859616904"}}
{"logTime": "0320/140725", "correlationVector":"nSY70KDOFZ0OCxLNp9ldwj.151","action":"GetUpdates", "result":"DeleteReceived", "context":{"id":"b0e97a4b-d008-4ef4-bcec-b142e1025c8a", "isDeleted:":"true", "version":"1677861975786"}}
{"logTime": "0320/140725", "correlationVector":"nSY70KDOFZ0OCxLNp9ldwj.152","action":"GetUpdates", "result":"DeleteReceived", "context":{"id":"b2325325-e22f-4d61-a6e7-646c18dc9cd5", "isDeleted:":"true", "version":"1677861975788"}}
{"logTime": "0320/140725", "correlationVector":"nSY70KDOFZ0OCxLNp9ldwj.153","action":"GetUpdates", "result":"DeleteReceived", "context":{"id":"a504cccd-c1e4-44a9-bca7-9a891164f64f", "isDeleted:":"true", "version":"1677948285906"}}
{"logTime": "0320/140725", "correlationVector":"nSY70KDOFZ0OCxLNp9ldwj.154","action":"GetUpdates", "result":"DeleteReceived", "context":{"id":"f7ac86af-234e-480b-be79-dd2a85721e0d", "isDeleted:":"true", "version":"1677955793222"}}
{"logTime": "0320/140725", "correlationVector":"nSY70KDOFZ0OCxLNp9ldwj.155","action":"GetUpdates", "result":"DeleteReceived", "context":{"id":"a96c8f7f-153f-4d88-940f-0f90134e0224", "isDeleted:":"true", "version":"1677957729409"}}
{"logTime": "0320/140725", "correlationVector":"nSY70KDOFZ0OCxLNp9ldwj.156","action":"GetUpdates", "result":"DeleteReceived", "context":{"id":"00e50dc7-4cf9-41bd-a036-a2db26edaa78", "isDeleted:":"true", "version":"1677969577249"}}
{"logTime": "0320/140725", "correlationVector":"nSY70KDOFZ0OCxLNp9ldwj.157","action":"GetUpdates", "result":"DeleteReceived", "context":{"id":"fd97b271-28cd-47e3-9201-83044d404586", "isDeleted:":"true", "version":"1677970549413"}}
{"logTime": "0320/140725", "correlationVector":"nSY70KDOFZ0OCxLNp9ldwj.158","action":"GetUpdates", "result":"DeleteReceived", "context":{"id":"9d468e4d-76ae-47a4-877c-143ab49645ea", "isDeleted:":"true", "version":"1677970549416"}}
{"logTime": "0320/140725", "correlationVector":"nSY70KDOFZ0OCxLNp9ldwj.159","action":"GetUpdates", "result":"DeleteReceived", "context":{"id":"d760608c-8d97-4e3f-a55d-f506c90967ac", "isDeleted:":"true", "version":"1677970588709"}}
{"logTime": "0320/140725", "correlationVector":"nSY70KDOFZ0OCxLNp9ldwj.160","action":"GetUpdates", "result":"DeleteReceived", "context":{"id":"fcf329de-e819-4136-9fe5-6dde5282f14f", "isDeleted:":"true", "version":"1677970745460"}}
{"logTime": "0320/140725", "correlationVector":"nSY70KDOFZ0OCxLNp9ldwj.161","action":"GetUpdates", "result":"DeleteReceived", "context":{"id":"ec1bc0c3-2bed-4792-be08-eb45e5e710dc", "isDeleted:":"true", "version":"1677971256183"}}
{"logTime": "0320/140725", "correlationVector":"nSY70KDOFZ0OCxLNp9ldwj.162","action":"GetUpdates", "result":"DeleteReceived", "context":{"id":"e5d23f45-eb4f-4cbd-87b1-b2e610e24849", "isDeleted:":"true", "version":"1677971256184"}}
{"logTime": "0320/140725", "correlationVector":"nSY70KDOFZ0OCxLNp9ldwj.163","action":"GetUpdates", "result":"DeleteReceived", "context":{"id":"dee6a6ad-b5d8-4239-be45-2ba2ec824569", "isDeleted:":"true", "version":"1677972295316"}}
{"logTime": "0320/140725", "correlationVector":"nSY70KDOFZ0OCxLNp9ldwj.164","action":"GetUpdates", "result":"DeleteReceived", "context":{"id":"48eb3e7a-aa5c-4b90-8c0b-46b044bdc58e", "isDeleted:":"true", "version":"1677972295318"}}
{"logTime": "0320/140725", "correlationVector":"nSY70KDOFZ0OCxLNp9ldwj.165","action":"GetUpdates", "result":"DeleteReceived", "context":{"id":"2f71f524-915d-47d2-9e46-0104c9733f1a", "isDeleted:":"true", "version":"1678103805240"}}
{"logTime": "0320/140725", "correlationVector":"nSY70KDOFZ0OCxLNp9ldwj.166","action":"GetUpdates", "result":"DeleteReceived", "context":{"id":"9e2dd062-3e40-4b6d-9171-12ec0c58282b", "isDeleted:":"true", "version":"1678103805241"}}
{"logTime": "0320/140725", "correlationVector":"nSY70KDOFZ0OCxLNp9ldwj.167","action":"GetUpdates", "result":"DeleteReceived", "context":{"id":"0dc33050-f518-4d2f-a4db-87d38faa43be", "isDeleted:":"true", "version":"1678103805243"}}
{"logTime": "0320/140725", "correlationVector":"nSY70KDOFZ0OCxLNp9ldwj.168","action":"GetUpdates", "result":"DeleteReceived", "context":{"id":"1e3f295f-1cd8-44af-884e-0b452eaf8ac2", "isDeleted:":"true", "version":"1678103805245"}}
{"logTime": "0320/140725", "correlationVector":"nSY70KDOFZ0OCxLNp9ldwj.169","action":"GetUpdates", "result":"DeleteReceived", "context":{"id":"0873212d-7e66-4329-a446-9bbd4a1358a7", "isDeleted:":"true", "version":"1678108962502"}}
{"logTime": "0320/140725", "correlationVector":"nSY70KDOFZ0OCxLNp9ldwj.170","action":"GetUpdates", "result":"DeleteReceived", "context":{"id":"2a0d3ff5-0b2d-49d0-8d65-61974de92002", "isDeleted:":"true", "version":"1678124193788"}}
{"logTime": "0320/140725", "correlationVector":"nSY70KDOFZ0OCxLNp9ldwj.171","action":"GetUpdates", "result":"DeleteReceived", "context":{"id":"1e346576-71f8-41de-b661-d732d56e7479", "isDeleted:":"true", "version":"1678124682054"}}
{"logTime": "0320/140725", "correlationVector":"nSY70KDOFZ0OCxLNp9ldwj.172","action":"GetUpdates", "result":"DeleteReceived", "context":{"id":"abdf742c-fb34-43e9-a67a-607fdb0f0936", "isDeleted:":"true", "version":"1678124682055"}}
{"logTime": "0320/140725", "correlationVector":"nSY70KDOFZ0OCxLNp9ldwj.173","action":"GetUpdates", "result":"DeleteReceived", "context":{"id":"12167d76-b6ef-46d5-8929-176734d34a02", "isDeleted:":"true", "version":"1678137508388"}}
{"logTime": "0320/140725", "correlationVector":"nSY70KDOFZ0OCxLNp9ldwj.174","action":"GetUpdates", "result":"DeleteReceived", "context":{"id":"6a0b640d-6c0a-4b00-8b8f-6b331c26dfe1", "isDeleted:":"true", "version":"1678137508389"}}
{"logTime": "0320/140725", "correlationVector":"nSY70KDOFZ0OCxLNp9ldwj.175","action":"GetUpdates", "result":"DeleteReceived", "context":{"id":"dffa324d-d65a-4157-a973-d50e6572ff74", "isDeleted:":"true", "version":"1678137508391"}}
{"logTime": "0320/140725", "correlationVector":"nSY70KDOFZ0OCxLNp9ldwj.176","action":"GetUpdates", "result":"DeleteReceived", "context":{"id":"46bfb6d2-2df4-479c-b278-73ebc049c4d4", "isDeleted:":"true", "version":"1678137508393"}}
{"logTime": "0320/140725", "correlationVector":"nSY70KDOFZ0OCxLNp9ldwj.177","action":"GetUpdates", "result":"DeleteReceived", "context":{"id":"d95d8c9d-95a3-4f1b-b917-e35a6881472f", "isDeleted:":"true", "version":"1678137508394"}}
{"logTime": "0320/140725", "correlationVector":"nSY70KDOFZ0OCxLNp9ldwj.178","action":"GetUpdates", "result":"DeleteReceived", "context":{"id":"80b6f17e-0a87-481e-a366-2b24929d152b", "isDeleted:":"true", "version":"1678137530874"}}
{"logTime": "0320/140725", "correlationVector":"nSY70KDOFZ0OCxLNp9ldwj.179","action":"GetUpdates", "result":"DeleteReceived", "context":{"id":"7f685709-4617-4aae-8d91-46ee8a8f7d26", "isDeleted:":"true", "version":"1678137830152"}}
{"logTime": "0320/140725", "correlationVector":"nSY70KDOFZ0OCxLNp9ldwj.180","action":"GetUpdates", "result":"DeleteReceived", "context":{"id":"8369aea5-3c25-4c26-9be8-9b16fb3e83be", "isDeleted:":"true", "version":"1678137837933"}}
{"logTime": "0320/140725", "correlationVector":"nSY70KDOFZ0OCxLNp9ldwj.181","action":"GetUpdates", "result":"DeleteReceived", "context":{"id":"7179f30f-eca6-4085-b912-f11e23b57d05", "isDeleted:":"true", "version":"1678138202914"}}
{"logTime": "0320/140725", "correlationVector":"nSY70KDOFZ0OCxLNp9ldwj.182","action":"GetUpdates", "result":"DeleteReceived", "context":{"id":"61583e73-5910-42b6-94f1-ffdcfc7fc86b", "isDeleted:":"true", "version":"1678139299923"}}
{"logTime": "0320/140725", "correlationVector":"nSY70KDOFZ0OCxLNp9ldwj.183","action":"GetUpdates", "result":"DeleteReceived", "context":{"id":"30062893-3f86-445b-b146-e54992c066ae", "isDeleted:":"true", "version":"1678204674191"}}
{"logTime": "0320/140725", "correlationVector":"nSY70KDOFZ0OCxLNp9ldwj.184","action":"GetUpdates", "result":"DeleteReceived", "context":{"id":"3c5ac685-c12f-4278-9ac4-99214eb40d2b", "isDeleted:":"true", "version":"1678204674193"}}
{"logTime": "0320/140725", "correlationVector":"nSY70KDOFZ0OCxLNp9ldwj.185","action":"GetUpdates", "result":"DeleteReceived", "context":{"id":"3a432898-af8c-4621-8c2e-38a39de27f44", "isDeleted:":"true", "version":"1678204674195"}}
{"logTime": "0320/140725", "correlationVector":"nSY70KDOFZ0OCxLNp9ldwj.186","action":"GetUpdates", "result":"DeleteReceived", "context":{"id":"0e63cdcd-be8c-4ab1-a293-9a31260a4cc5", "isDeleted:":"true", "version":"1678271522782"}}
{"logTime": "0320/140725", "correlationVector":"nSY70KDOFZ0OCxLNp9ldwj.187","action":"GetUpdates", "result":"DeleteReceived", "context":{"id":"e35069b1-58a5-4555-a88e-e69ca6765937", "isDeleted:":"true", "version":"1678276753820"}}
{"logTime": "0320/140725", "correlationVector":"nSY70KDOFZ0OCxLNp9ldwj.188","action":"GetUpdates", "result":"DeleteReceived", "context":{"id":"b085c601-85ce-4a49-ae4a-e7d6c67bd5a9", "isDeleted:":"true", "version":"1678364150848"}}
{"logTime": "0320/140725", "correlationVector":"nSY70KDOFZ0OCxLNp9ldwj.189","action":"GetUpdates", "result":"DeleteReceived", "context":{"id":"0ca2f66a-0943-4685-9467-a5c09f6b4237", "isDeleted:":"true", "version":"1678364150851"}}
{"logTime": "0320/140725", "correlationVector":"nSY70KDOFZ0OCxLNp9ldwj.190","action":"GetUpdates", "result":"DeleteReceived", "context":{"id":"0ba94f79-b40f-4e8a-bb5e-ba5e1379d13e", "isDeleted:":"true", "version":"1678364150852"}}
{"logTime": "0320/140725", "correlationVector":"nSY70KDOFZ0OCxLNp9ldwj.191","action":"GetUpdates", "result":"DeleteReceived", "context":{"id":"bd1f09a5-ab63-4366-a540-6fddf70191cc", "isDeleted:":"true", "version":"1678397906409"}}
{"logTime": "0320/140725", "correlationVector":"nSY70KDOFZ0OCxLNp9ldwj.192","action":"GetUpdates", "result":"DeleteReceived", "context":{"id":"b0fb347a-4f8f-47f4-823b-98c6e8c5b9b9", "isDeleted:":"true", "version":"1678398886113"}}
{"logTime": "0320/140725", "correlationVector":"nSY70KDOFZ0OCxLNp9ldwj.193","action":"GetUpdates", "result":"DeleteReceived", "context":{"id":"ce3f821e-d1ed-4151-a9b2-475384ee5eb2", "isDeleted:":"true", "version":"1678398894357"}}
{"logTime": "0320/140725", "correlationVector":"nSY70KDOFZ0OCxLNp9ldwj.194","action":"GetUpdates", "result":"DeleteReceived", "context":{"id":"84e5b166-c014-4dbe-8d71-c20801c23af4", "isDeleted:":"true", "version":"1678403775460"}}
{"logTime": "0320/140725", "correlationVector":"nSY70KDOFZ0OCxLNp9ldwj.195","action":"GetUpdates", "result":"DeleteReceived", "context":{"id":"5b50d38a-b863-4813-997c-e682a67c33eb", "isDeleted:":"true", "version":"1678403858684"}}
{"logTime": "0320/140725", "correlationVector":"nSY70KDOFZ0OCxLNp9ldwj.196","action":"GetUpdates", "result":"DeleteReceived", "context":{"id":"69e0b455-c438-4de0-a9ac-dc2af0f1747d", "isDeleted:":"true", "version":"1678404111301"}}
{"logTime": "0320/140725", "correlationVector":"nSY70KDOFZ0OCxLNp9ldwj.197","action":"GetUpdates", "result":"DeleteReceived", "context":{"id":"bd02a57d-6784-4cf2-9ab8-52f0e6123225", "isDeleted:":"true", "version":"1678404141950"}}
{"logTime": "0320/140725", "correlationVector":"nSY70KDOFZ0OCxLNp9ldwj.198","action":"GetUpdates", "result":"DeleteReceived", "context":{"id":"8b4f6480-d343-4867-85c7-e298550dbf29", "isDeleted:":"true", "version":"1678404141951"}}
{"logTime": "0320/140725", "correlationVector":"nSY70KDOFZ0OCxLNp9ldwj.199","action":"GetUpdates", "result":"DeleteReceived", "context":{"id":"169c068d-3eed-44a7-8f20-dfcc37058e62", "isDeleted:":"true", "version":"1678407497792"}}
{"logTime": "0320/140725", "correlationVector":"nSY70KDOFZ0OCxLNp9ldwj.200","action":"GetUpdates", "result":"DeleteReceived", "context":{"id":"f8e1287b-345f-4322-ab6e-010510d4a566", "isDeleted:":"true", "version":"1678407586467"}}
{"logTime": "0320/140725", "correlationVector":"nSY70KDOFZ0OCxLNp9ldwj.201","action":"GetUpdates", "result":"DeleteReceived", "context":{"id":"4e1a068e-06d5-4895-acac-8662d9087c6b", "isDeleted:":"true", "version":"1678407586469"}}
{"logTime": "0320/140725", "correlationVector":"nSY70KDOFZ0OCxLNp9ldwj.202","action":"GetUpdates", "result":"DeleteReceived", "context":{"id":"e589cb72-cf82-45bb-8063-6259b7978011", "isDeleted:":"true", "version":"1678407805333"}}
{"logTime": "0320/140725", "correlationVector":"nSY70KDOFZ0OCxLNp9ldwj.203","action":"GetUpdates", "result":"DeleteReceived", "context":{"id":"a100db5e-4107-4489-a77e-c9f12a4aaf0e", "isDeleted:":"true", "version":"1678407842804"}}
{"logTime": "0320/140725", "correlationVector":"nSY70KDOFZ0OCxLNp9ldwj.204","action":"GetUpdates", "result":"DeleteReceived", "context":{"id":"b3cab264-4501-41c1-94a3-b5583a31fff3", "isDeleted:":"true", "version":"1678409090123"}}
{"logTime": "0320/140725", "correlationVector":"nSY70KDOFZ0OCxLNp9ldwj.205","action":"GetUpdates", "result":"DeleteReceived", "context":{"id":"5f9268b2-9ad7-456c-a605-9204b964e897", "isDeleted:":"true", "version":"1678443098240"}}
{"logTime": "0320/140725", "correlationVector":"nSY70KDOFZ0OCxLNp9ldwj.206","action":"GetUpdates", "result":"DeleteReceived", "context":{"id":"bdbb10c8-8d6b-4a89-8c1e-e5244406cc5c", "isDeleted:":"true", "version":"1678443098241"}}
{"logTime": "0320/140725", "correlationVector":"nSY70KDOFZ0OCxLNp9ldwj.207","action":"GetUpdates", "result":"DeleteReceived", "context":{"id":"fe1651eb-fcd8-4951-9e10-68cd1957eef3", "isDeleted:":"true", "version":"1678446494508"}}
{"logTime": "0320/140725", "correlationVector":"nSY70KDOFZ0OCxLNp9ldwj.208","action":"GetUpdates", "result":"DeleteReceived", "context":{"id":"10c6caed-c239-4962-9275-e8b0b72522fa", "isDeleted:":"true", "version":"1678448112981"}}
{"logTime": "0320/140725", "correlationVector":"nSY70KDOFZ0OCxLNp9ldwj.209","action":"GetUpdates", "result":"DeleteReceived", "context":{"id":"566c8f3b-28ff-41e3-af68-afef5caa4fac", "isDeleted:":"true", "version":"1678449294616"}}
{"logTime": "0320/140725", "correlationVector":"nSY70KDOFZ0OCxLNp9ldwj.210","action":"GetUpdates", "result":"DeleteReceived", "context":{"id":"a0dafc1a-b911-468a-8d41-75c44327c708", "isDeleted:":"true", "version":"1678450920003"}}
{"logTime": "0320/140725", "correlationVector":"nSY70KDOFZ0OCxLNp9ldwj.211","action":"GetUpdates", "result":"DeleteReceived", "context":{"id":"53c7ced0-682a-46c9-9c51-4be26fa6c9dd", "isDeleted:":"true", "version":"1678544962209"}}
{"logTime": "0320/140725", "correlationVector":"nSY70KDOFZ0OCxLNp9ldwj.212","action":"GetUpdates", "result":"DeleteReceived", "context":{"id":"83be5756-1ae7-48be-bb71-1ef67466bbcb", "isDeleted:":"true", "version":"1678547732732"}}
{"logTime": "0320/140725", "correlationVector":"nSY70KDOFZ0OCxLNp9ldwj.213","action":"GetUpdates", "result":"DeleteReceived", "context":{"id":"3b2ffbf0-7ef3-44d1-a7bc-a5b19e54ef7d", "isDeleted:":"true", "version":"1678547893322"}}
{"logTime": "0320/140725", "correlationVector":"nSY70KDOFZ0OCxLNp9ldwj.214","action":"GetUpdates", "result":"DeleteReceived", "context":{"id":"3b8c5a27-4718-4f50-b922-5ba25d3d1006", "isDeleted:":"true", "version":"1678551172746"}}
{"logTime": "0320/140725", "correlationVector":"nSY70KDOFZ0OCxLNp9ldwj.215","action":"GetUpdates", "result":"DeleteReceived", "context":{"id":"8a829994-d274-4196-8f83-4d7e591fc05b", "isDeleted:":"true", "version":"1678551964386"}}
{"logTime": "0320/140725", "correlationVector":"nSY70KDOFZ0OCxLNp9ldwj.216","action":"GetUpdates", "result":"DeleteReceived", "context":{"id":"e57b95c1-6f2c-4961-a5f8-a2cb40662c27", "isDeleted:":"true", "version":"1678556450823"}}
{"logTime": "0320/140725", "correlationVector":"nSY70KDOFZ0OCxLNp9ldwj.217","action":"GetUpdates", "result":"DeleteReceived", "context":{"id":"14862b3f-2bb9-4c2f-ab98-7b8c9662514b", "isDeleted:":"true", "version":"1678658474259"}}
{"logTime": "0320/140725", "correlationVector":"nSY70KDOFZ0OCxLNp9ldwj.218","action":"GetUpdates", "result":"DeleteReceived", "context":{"id":"91996ed2-6232-4b54-ade4-8c525b01b854", "isDeleted:":"true", "version":"1678658474261"}}
{"logTime": "0320/140725", "correlationVector":"nSY70KDOFZ0OCxLNp9ldwj.219","action":"GetUpdates", "result":"DeleteReceived", "context":{"id":"e97d67ad-98b1-4253-a800-7a7d5f91b7ff", "isDeleted:":"true", "version":"1678704849440"}}
{"logTime": "0320/140725", "correlationVector":"nSY70KDOFZ0OCxLNp9ldwj.220","action":"GetUpdates", "result":"DeleteReceived", "context":{"id":"02b9058b-1b25-4b91-acd6-835975b1b04b", "isDeleted:":"true", "version":"1678878032943"}}
{"logTime": "0320/140725", "correlationVector":"nSY70KDOFZ0OCxLNp9ldwj.221","action":"GetUpdates", "result":"DeleteReceived", "context":{"id":"7c4fbc2d-68af-4f2b-b9eb-b152b19447de", "isDeleted:":"true", "version":"1678879246504"}}
{"logTime": "0320/140725", "correlationVector":"nSY70KDOFZ0OCxLNp9ldwj.222","action":"GetUpdates", "result":"DeleteReceived", "context":{"id":"74efd615-299b-4865-912b-d702bba74621", "isDeleted:":"true", "version":"1678879393753"}}
{"logTime": "0320/140725", "correlationVector":"nSY70KDOFZ0OCxLNp9ldwj.223","action":"GetUpdates", "result":"DeleteReceived", "context":{"id":"b5b63342-ea18-41a6-b5d7-3dbb76493ceb", "isDeleted:":"true", "version":"1678986887449"}}
{"logTime": "0320/140725", "correlationVector":"nSY70KDOFZ0OCxLNp9ldwj.224","action":"GetUpdates", "result":"DeleteReceived", "context":{"id":"7d14c2aa-77dd-4fd3-a6c0-3b7a866d43ac", "isDeleted:":"true", "version":"1678987588593"}}
{"logTime": "0320/140725", "correlationVector":"nSY70KDOFZ0OCxLNp9ldwj.225","action":"GetUpdates", "result":"DeleteReceived", "context":{"id":"67c88535-f1d9-409d-b3b0-d1ac963fe6de", "isDeleted:":"true", "version":"1678987588595"}}
{"logTime": "0320/140725", "correlationVector":"nSY70KDOFZ0OCxLNp9ldwj.226","action":"GetUpdates", "result":"DeleteReceived", "context":{"id":"d119ad8e-c914-4098-8d6f-f4fb26631964", "isDeleted:":"true", "version":"1678987634782"}}
{"logTime": "0320/140725", "correlationVector":"nSY70KDOFZ0OCxLNp9ldwj.227","action":"GetUpdates", "result":"DeleteReceived", "context":{"id":"0511fb86-40f9-4fdc-bc8f-803e3d8174f3", "isDeleted:":"true", "version":"1678990804483"}}
{"logTime": "0320/140725", "correlationVector":"nSY70KDOFZ0OCxLNp9ldwj.228","action":"GetUpdates", "result":"DeleteReceived", "context":{"id":"081ddb86-9cd0-4c39-afe4-9a7a018e0574", "isDeleted:":"true", "version":"1678990804485"}}
{"logTime": "0320/140725", "correlationVector":"nSY70KDOFZ0OCxLNp9ldwj.229","action":"GetUpdates", "result":"DeleteReceived", "context":{"id":"7af00fd2-f0e1-4c2b-9dcb-4cb5ef2b2ab2", "isDeleted:":"true", "version":"1679136849079"}}
{"logTime": "0320/140725", "correlationVector":"nSY70KDOFZ0OCxLNp9ldwj.230","action":"GetUpdates", "result":"DeleteReceived", "context":{"id":"eda7d5c2-7ac9-40bd-991e-09964eb171be", "isDeleted:":"true", "version":"1679183721808"}}
{"logTime": "0320/140725", "correlationVector":"nSY70KDOFZ0OCxLNp9ldwj.231","action":"GetUpdates", "result":"DeleteReceived", "context":{"id":"a1020525-cf45-40cd-a057-73c63fd9da7a", "isDeleted:":"true", "version":"1679183854693"}}
{"logTime": "0320/140725", "correlationVector":"nSY70KDOFZ0OCxLNp9ldwj.232","action":"GetUpdates", "result":"DeleteReceived", "context":{"id":"3cdbc03f-6b00-4efe-9253-75658586b84d", "isDeleted:":"true", "version":"1679183895576"}}
{"logTime": "0320/140725", "correlationVector":"nSY70KDOFZ0OCxLNp9ldwj.233","action":"GetUpdates", "result":"DeleteReceived", "context":{"id":"a69b0b60-3d4b-4f6c-b712-ced482368a30", "isDeleted:":"true", "version":"1679184075622"}}
{"logTime": "0320/140725", "correlationVector":"nSY70KDOFZ0OCxLNp9ldwj.234","action":"GetUpdates", "result":"DeleteReceived", "context":{"id":"fe868d03-a779-4bce-90e9-aaabf77871fd", "isDeleted:":"true", "version":"1679233409047"}}
{"logTime": "0320/140725", "correlationVector":"nSY70KDOFZ0OCxLNp9ldwj.235","action":"GetUpdates Response", "result":"SYNCER_OK", "context":Received 247 update(s). cV=nSY70KDOFZ0OCxLNp9ldwj.0;server=GENERAL01000013;cloudType=Consumer;environment=Prod_WestEurope_000l;migrationStage=NotStarted}
{"logTime": "0320/140725", "correlationVector":"u3Vqe6WZC18nf4Js35NBL3","action":"Normal GetUpdate request", "result":"", "context":cV=u3Vqe6WZC18nf4Js35NBL3
Nudged types: Sessions, Device Info, User Consents
Refresh requested types: Bookmarks, Preferences, Passwords, Autofill Profiles, Autofill, Autofill Custom Data, Typed URLs, Extensions, Sessions, Extension settings, History Delete Directives, Device Info, User Consents, Send Tab To Self, Web Apps, Collection, Edge E Drop, Encryption Keys}
{"logTime": "0320/140725", "correlationVector":"u3Vqe6WZC18nf4Js35NBL3.1","action":"SyncServerConnectionManagerRequest", "result":"SYNC_SERVER_OK", "context":{"environment":"Prod_WestEurope_000l", "migrationStage":"NotStarted", "server":"GENERAL01000009"}}
{"logTime": "0320/140725", "correlationVector":"u3Vqe6WZC18nf4Js35NBL3.2","action":"GetUpdates Response", "result":"SYNCER_OK", "context":Received 11 update(s). cV=u3Vqe6WZC18nf4Js35NBL3.0;server=GENERAL01000009;cloudType=Consumer;environment=Prod_WestEurope_000l;migrationStage=NotStarted}
{"logTime": "0320/140725", "correlationVector":"ecuU4gaAYg5LfBnv+oB6xo","action":"Commit Request", "result":"", "context":Item count: 1
Contributing types: Device Info}
{"logTime": "0320/140726", "correlationVector":"ecuU4gaAYg5LfBnv+oB6xo.1","action":"SyncServerConnectionManagerRequest", "result":"SYNC_SERVER_OK", "context":{"environment":"Prod_WestEurope_000l", "migrationStage":"NotStarted", "server":"GENERAL01000020"}}
{"logTime": "0320/140726", "correlationVector":"ecuU4gaAYg5LfBnv+oB6xo.2","action":"Commit Response", "result":"SYNCER_OK", "context":Result: SYNCER_OK. cV=ecuU4gaAYg5LfBnv+oB6xo.0;server=GENERAL01000020;cloudType=Consumer;environment=Prod_WestEurope_000l;migrationStage=NotStarted}
{"logTime": "0320/140726", "correlationVector":"BQEGBfnVjySe54r8YJQS9x","action":"Commit Request", "result":"", "context":Item count: 4
Contributing types: Sessions, User Consents}
{"logTime": "0320/140726", "correlationVector":"BQEGBfnVjySe54r8YJQS9x.1","action":"SyncServerConnectionManagerRequest", "result":"SYNC_SERVER_OK", "context":{"environment":"Prod_WestEurope_000l", "migrationStage":"NotStarted", "server":"GENERAL01000003"}}
{"logTime": "0320/140726", "correlationVector":"BQEGBfnVjySe54r8YJQS9x.2","action":"Commit Response", "result":"SYNCER_OK", "context":Result: SYNCER_OK. cV=BQEGBfnVjySe54r8YJQS9x.0;server=GENERAL01000003;cloudType=Consumer;environment=Prod_WestEurope_000l;migrationStage=NotStarted}
